#
# A fatal error has been detected by the Java Runtime Environment:
#
#  SIGSEGV (0xb) at pc=0x00007fb35bc198bb, pid=20046, tid=20095
#
# JRE version: OpenJDK Runtime Environment Temurin-17.0.1+12 (17.0.1+12) (build 17.0.1+12)
# Java VM: OpenJDK 64-Bit Server VM Temurin-17.0.1+12 (17.0.1+12, mixed mode, tiered, compressed oops, compressed class ptrs, parallel gc, linux-amd64)
# Problematic frame:
# V  [libjvm.so+0xc998bb]  PSCardTable::scavenge_contents_parallel(ObjectStartArray*, MutableSpace*, HeapWordImpl**, PSPromotionManager*, unsigned int, unsigned int)+0x43b
#
# Core dump will be written. Default location: Core dumps may be processed with "/usr/lib/systemd/systemd-coredump %P %u %g %s %t %c %h" (or dumping to /home/link/Datos/Nextcloud/client-projecte/farmcrash-backend/core.20046)
#
# If you would like to submit a bug report, please visit:
#   https://github.com/adoptium/adoptium-support/issues
#

---------------  S U M M A R Y ------------

Command Line: --add-modules=ALL-SYSTEM --add-opens=java.base/java.util=ALL-UNNAMED --add-opens=java.base/java.lang=ALL-UNNAMED -Declipse.application=org.eclipse.jdt.ls.core.id1 -Dosgi.bundles.defaultStartLevel=4 -Declipse.product=org.eclipse.jdt.ls.core.product -Djava.import.generatesMetadataFilesAtProjectRoot=false -Dfile.encoding=utf8 -XX:+UseParallelGC -XX:GCTimeRatio=4 -XX:AdaptiveSizePolicyWeight=90 -Dsun.zip.disableMemoryMapping=true -Xmx1G -Xms100m -javaagent:/home/link/.vscode/extensions/gabrielbb.vscode-lombok-1.0.1/server/lombok.jar -XX:+HeapDumpOnOutOfMemoryError -XX:HeapDumpPath=/home/link/.config/Code/User/workspaceStorage/1e90caa47a174ff2c7b9447c0431fa74/redhat.java /home/link/.vscode/extensions/redhat.java-1.2.0/server/plugins/org.eclipse.equinox.launcher_1.6.400.v20210924-0641.jar -configuration /home/link/.config/Code/User/globalStorage/redhat.java/1.2.0/config_linux -data /home/link/.config/Code/User/workspaceStorage/1e90caa47a174ff2c7b9447c0431fa74/redhat.java/jdt_ws

Host: Intel(R) Core(TM) i5-1035G1 CPU @ 1.00GHz, 8 cores, 15G, Fedora release 35 (Thirty Five)
Time: Mon Jan 10 11:10:00 2022 CET elapsed time: 2992.175297 seconds (0d 0h 49m 52s)

---------------  T H R E A D  ---------------

Current thread (0x00007fb334003a60):  GCTaskThread "GC Thread#3" [stack: 0x00007fb339b00000,0x00007fb339c00000] [id=20095]

Stack: [0x00007fb339b00000,0x00007fb339c00000],  sp=0x00007fb339bfeb60,  free space=1018k
Native frames: (J=compiled Java code, j=interpreted, Vv=VM code, C=native code)
V  [libjvm.so+0xc998bb]  PSCardTable::scavenge_contents_parallel(ObjectStartArray*, MutableSpace*, HeapWordImpl**, PSPromotionManager*, unsigned int, unsigned int)+0x43b
V  [libjvm.so+0xcbb394]  ScavengeRootsTask::work(unsigned int)+0xd4
V  [libjvm.so+0xfab56c]  GangWorker::loop()+0x5c
V  [libjvm.so+0xfab5be]
V  [libjvm.so+0xf01b62]  Thread::call_run()+0xe2
V  [libjvm.so+0xc3ccd1]  thread_native_entry(Thread*)+0xe1


siginfo: si_signo: 11 (SIGSEGV), si_code: 1 (SEGV_MAPERR), si_addr: 0x0000000000000008

Register to memory mapping:

RAX=0x00007fb35c51b300: <offset 0x000000000159b300> in /home/link/.vscode/extensions/redhat.java-1.2.0/jre/17.0.1-linux-x86_64/lib/server/libjvm.so at 0x00007fb35af80000
RBX=0x00007fb35403ea30 points into unknown readable memory: 0x0000000000000000 | 00 00 00 00 00 00 00 00
RCX=0x0000000000000003 is an unknown value
RDX=0x00007fb359d79000 points into unknown readable memory: 0x0000000000000000 | 00 00 00 00 00 00 00 00
RSP=0x00007fb339bfeb60 points into unknown readable memory: 0x00007fb35403ea30 | 30 ea 03 54 b3 7f 00 00
RBP=0x00007fb339bfec30 points into unknown readable memory: 0x00007fb339bfed50 | 50 ed bf 39 b3 7f 00 00
RSI=0x0000000000000037 is an unknown value
RDI=0x0 is NULL
R8 =0x0000000000000007 is an unknown value
R9 =0x0000000000000001 is an unknown value
R10=0x00000001004370c0 is pointing into metadata
R11=0x00000000cceac7e8 is an oop: org.eclipse.jdt.internal.core.JarPackageFragment 
{0x00000000cceac7e8} - klass: 'org/eclipse/jdt/internal/core/JarPackageFragment'
 - ---- fields (total size 4 words):
 - private 'parent' 'Lorg/eclipse/jdt/internal/core/JavaElement;' @12  a 'org/eclipse/jdt/internal/core/JrtPackageFragmentRoot'{0x00000000cadb7568} (cadb7568)
 - private 'project' 'Lorg/eclipse/jdt/internal/core/JavaProject;' @16  a 'org/eclipse/jdt/internal/core/JavaProject'{0x00000000cad98188} (cad98188)
 - private 'isValidPackageName' 'Z' @20  true
 - public 'names' '[Ljava/lang/String;' @24  a 'java/lang/String'[3] {0x00000000ccbe7b28} (ccbe7b28)
R12=
[error occurred during error reporting (printing register info), id 0xb, SIGSEGV (0xb) at pc=0x00007fb35bbdeb31]

Registers:
RAX=0x00007fb35c51b300, RBX=0x00007fb35403ea30, RCX=0x0000000000000003, RDX=0x00007fb359d79000
RSP=0x00007fb339bfeb60, RBP=0x00007fb339bfec30, RSI=0x0000000000000037, RDI=0x0000000000000000
R8 =0x0000000000000007, R9 =0x0000000000000001, R10=0x00000001004370c0, R11=0x00000000cceac7e8
R12=0x00000000cd82d9b8, R13=0x00007fb35a3e516d, R14=0x00000000cd82d9f8, R15=0x00007fb35a3e5181
RIP=0x00007fb35bc198bb, EFLAGS=0x0000000000010246, CSGSFS=0x002b000000000033, ERR=0x0000000000000004
  TRAPNO=0x000000000000000e

Top of Stack: (sp=0x00007fb339bfeb60)
0x00007fb339bfeb60:   00007fb35403ea30 00007fb35a3e0564
0x00007fb339bfeb70:   00007fb3541d0780 00007fb35a379100
0x00007fb339bfeb80:   0000000000000100 00007fb35a379000
0x00007fb339bfeb90:   00000000cd820078 00000000d06b0648 

Instructions: (pc=0x00007fb35bc198bb)
0x00007fb35bc197bb:   4c 89 f6 ff 90 00 01 00 00 e9 ae fe ff ff 0f 1f
0x00007fb35bc197cb:   80 00 00 00 00 48 8b 45 a8 4d 89 ee 48 8b 4b 78
0x00007fb35bc197db:   48 8b 7b 70 4c 2b 70 40 49 c1 e6 09 49 83 ee 08
0x00007fb35bc197eb:   4c 89 f0 48 c1 e8 09 48 01 c8 48 39 f8 0f 83 72
0x00007fb35bc197fb:   01 00 00 4c 8b 63 50 4d 39 e6 73 61 48 83 e8 01
0x00007fb35bc1980b:   48 89 c6 48 29 ce 48 89 f1 48 c1 e1 09 eb 1a 66
0x00007fb35bc1981b:   0f 1f 44 00 00 4c 8b 63 50 48 83 e8 01 48 81 e9
0x00007fb35bc1982b:   00 02 00 00 4d 39 e6 73 34 48 39 c7 77 e7 48 0f
0x00007fb35bc1983b:   be 10 80 fa ff 4c 8d 24 d1 75 de 48 8b 73 58 48
0x00007fb35bc1984b:   8b 53 50 48 83 e8 01 48 81 e9 00 02 00 00 4c 8d
0x00007fb35bc1985b:   24 f2 4d 39 e6 72 d2 66 0f 1f 44 00 00 48 8d 05
0x00007fb35bc1986b:   7e 87 94 00 44 0f b6 08 eb 2c 0f 1f 00 49 8b 7c
0x00007fb35bc1987b:   24 08 8b 4f 08 83 f9 00 7e 3e f6 c1 01 0f 85 c2
0x00007fb35bc1988b:   00 00 00 89 c8 c1 f8 03 48 98 49 8d 04 c4 49 39
0x00007fb35bc1989b:   c6 72 72 49 89 c4 45 84 c9 74 d2 48 8d 05 53 1a
0x00007fb35bc198ab:   90 00 41 8b 7c 24 08 8b 48 08 48 d3 e7 48 03 38
0x00007fb35bc198bb:   8b 4f 08 83 f9 00 7f c2 0f 84 87 00 00 00 48 8d
0x00007fb35bc198cb:   05 1c 24 90 00 41 80 f9 01 48 19 ff 83 e7 04 8b
0x00007fb35bc198db:   10 89 c8 c1 f8 10 0f b6 c0 8d 72 ff f7 da 48 63
0x00007fb35bc198eb:   f6 48 01 c6 49 63 44 3c 0c 48 d3 e0 48 63 ca 48
0x00007fb35bc198fb:   01 f0 48 21 c8 48 c1 e8 03 48 98 49 8d 04 c4 49
0x00007fb35bc1990b:   39 c6 73 8f 90 45 84 c9 0f 85 97 00 00 00 49 8b
0x00007fb35bc1991b:   7c 24 08 8b 47 08 83 f8 00 0f 8e a7 00 00 00 a8
0x00007fb35bc1992b:   01 75 6a c1 f8 03 48 98 48 8b 75 a8 49 8d 04 c4
0x00007fb35bc1993b:   48 c1 e8 09 48 03 46 40 49 39 c5 4c 0f 42 e8 e9
0x00007fb35bc1994b:   21 fe ff ff 90 48 8b 07 4c 89 e6 ff 90 00 01 00
0x00007fb35bc1995b:   00 48 8d 35 8a 86 94 00 44 0f b6 0e e9 27 ff ff
0x00007fb35bc1996b:   ff 0f 1f 40 00 48 0f be 30 40 80 fe ff 0f 84 aa
0x00007fb35bc1997b:   00 00 00 4d 89 f1 49 81 e1 00 fe ff ff 4d 8d 24
0x00007fb35bc1998b:   f1 e9 71 fe ff ff 0f 1f 80 00 00 00 00 48 8b 07
0x00007fb35bc1999b:   4c 89 e6 ff 90 00 01 00 00 eb 8b 66 2e 0f 1f 84
0x00007fb35bc199ab:   00 00 00 00 00 48 8d 05 49 19 90 00 41 8b 7c 24 


Stack slot to memory mapping:
stack at sp + 0 slots: 0x00007fb35403ea30 points into unknown readable memory: 0x0000000000000000 | 00 00 00 00 00 00 00 00
stack at sp + 1 slots: 0x00007fb35a3e0564 points into unknown readable memory: ff ff ff ff
stack at sp + 2 slots: 0x00007fb3541d0780 points into unknown readable memory: 0x00007fb35c512408 | 08 24 51 5c b3 7f 00 00
stack at sp + 3 slots: 0x00007fb35a379100 points into unknown readable memory: 0xffffffffffffffff | ff ff ff ff ff ff ff ff
stack at sp + 4 slots: 0x0000000000000100 is an unknown value
stack at sp + 5 slots: 0x00007fb35a379000 points into unknown readable memory: 0xffffffffffffffff | ff ff ff ff ff ff ff ff
stack at sp + 6 slots: 0x00000000cd820078 is an oop: [[C 
{0x00000000cd820078} - klass: {type array char}[]
 - length: 0
stack at sp + 7 slots: 0x00000000d06b0648 is an oop: java.lang.ref.SoftReference 
{0x00000000d06b0648} - klass: 'java/lang/ref/SoftReference'
 - ---- fields (total size 5 words):
 - private 'referent' 'Ljava/lang/Object;' @12  a 'java/lang/Class$ReflectionData'{0x00000000d06b0670} (d06b0670)
 - volatile 'queue' 'Ljava/lang/ref/ReferenceQueue;' @16  a 'java/lang/ref/ReferenceQueue$Null'{0x00000000c00008c0} (c00008c0)
 - volatile 'next' 'Ljava/lang/ref/Reference;' @20  NULL (0)
 - private transient 'discovered' 'Ljava/lang/ref/Reference;' @24  NULL (0)
 - private 'timestamp' 'J' @32  17231321 (106edd9 0)


---------------  P R O C E S S  ---------------

Threads class SMR info:
_java_thread_list=0x00007fb2480f1410, length=38, elements={
0x00007fb3540255f0, 0x00007fb3541e6140, 0x00007fb3541e76b0, 0x00007fb35420edb0,
0x00007fb3542126c0, 0x00007fb354213610, 0x00007fb354214c60, 0x00007fb354216110,
0x00007fb35421f540, 0x00007fb3542ac670, 0x00007fb3543b2510, 0x00007fb3544a34f0,
0x00007fb3545d23b0, 0x00007fb3545ee400, 0x00007fb3546047e0, 0x00007fb3548ddf60,
0x00007fb2b0021120, 0x00007fb2b02e7d70, 0x00007fb2b040f760, 0x00007fb2b081d100,
0x00007fb3547606e0, 0x00007fb3546732d0, 0x00007fb2941783c0, 0x00007fb2941d0d60,
0x00007fb294183610, 0x00007fb29418fa00, 0x00007fb2d448c1c0, 0x00007fb25808b7f0,
0x00007fb25809ba80, 0x00007fb2941b4590, 0x00007fb2703ba710, 0x00007fb2cc152090,
0x00007fb2d44875d0, 0x00007fb2c40071b0, 0x00007fb24c0173a0, 0x00007fb248009610,
0x00007fb278005170, 0x00007fb24810fc10
}

Java Threads: ( => current thread )
  0x00007fb3540255f0 JavaThread "main" [_thread_blocked, id=20047, stack(0x00007fb35ad9f000,0x00007fb35ae9f000)]
  0x00007fb3541e6140 JavaThread "Reference Handler" daemon [_thread_blocked, id=20058, stack(0x00007fb33b8f9000,0x00007fb33b9f9000)]
  0x00007fb3541e76b0 JavaThread "Finalizer" daemon [_thread_blocked, id=20059, stack(0x00007fb33b7f9000,0x00007fb33b8f9000)]
  0x00007fb35420edb0 JavaThread "Signal Dispatcher" daemon [_thread_blocked, id=20060, stack(0x00007fb33b6f9000,0x00007fb33b7f9000)]
  0x00007fb3542126c0 JavaThread "Service Thread" daemon [_thread_blocked, id=20061, stack(0x00007fb33b5f9000,0x00007fb33b6f9000)]
  0x00007fb354213610 JavaThread "Monitor Deflation Thread" daemon [_thread_blocked, id=20062, stack(0x00007fb33b4f9000,0x00007fb33b5f9000)]
  0x00007fb354214c60 JavaThread "C2 CompilerThread0" daemon [_thread_blocked, id=20063, stack(0x00007fb33b3f9000,0x00007fb33b4f9000)]
  0x00007fb354216110 JavaThread "C1 CompilerThread0" daemon [_thread_blocked, id=20064, stack(0x00007fb33b2f9000,0x00007fb33b3f9000)]
  0x00007fb35421f540 JavaThread "Sweeper thread" daemon [_thread_blocked, id=20065, stack(0x00007fb33b1f9000,0x00007fb33b2f9000)]
  0x00007fb3542ac670 JavaThread "Common-Cleaner" daemon [_thread_blocked, id=20067, stack(0x00007fb33b0f9000,0x00007fb33b1f9000)]
  0x00007fb3543b2510 JavaThread "Notification Thread" daemon [_thread_blocked, id=20071, stack(0x00007fb33a8c1000,0x00007fb33a9c1000)]
  0x00007fb3544a34f0 JavaThread "process reaper" daemon [_thread_in_native, id=20087, stack(0x00007fb358027000,0x00007fb358049000)]
  0x00007fb3545d23b0 JavaThread "Active Thread: Equinox Container: e9a6d2f8-6b00-436a-99d6-c5d23abc6a64" [_thread_blocked, id=20112, stack(0x00007fb3391fa000,0x00007fb3392fa000)]
  0x00007fb3545ee400 JavaThread "Framework Event Dispatcher: Equinox Container: e9a6d2f8-6b00-436a-99d6-c5d23abc6a64" daemon [_thread_blocked, id=20115, stack(0x00007fb3390fa000,0x00007fb3391fa000)]
  0x00007fb3546047e0 JavaThread "Start Level: Equinox Container: e9a6d2f8-6b00-436a-99d6-c5d23abc6a64" daemon [_thread_blocked, id=20116, stack(0x00007fb338ffa000,0x00007fb3390fa000)]
  0x00007fb3548ddf60 JavaThread "Refresh Thread: Equinox Container: e9a6d2f8-6b00-436a-99d6-c5d23abc6a64" daemon [_thread_blocked, id=20122, stack(0x00007fb338df8000,0x00007fb338ef8000)]
  0x00007fb2b0021120 JavaThread "SCR Component Actor" daemon [_thread_blocked, id=20128, stack(0x00007fb3387e5000,0x00007fb3388e5000)]
  0x00007fb2b02e7d70 JavaThread "Worker-JM" [_thread_blocked, id=20132, stack(0x00007fb3385e5000,0x00007fb3386e5000)]
  0x00007fb2b040f760 JavaThread "Java indexing" daemon [_thread_blocked, id=20140, stack(0x00007fb3381e5000,0x00007fb3382e5000)]
  0x00007fb2b081d100 JavaThread "Bundle File Closer" daemon [_thread_blocked, id=20142, stack(0x00007fb3380e5000,0x00007fb3381e5000)]
  0x00007fb3547606e0 JavaThread "pool-3-thread-1" [_thread_blocked, id=20144, stack(0x00007fb31e9d0000,0x00007fb31ead0000)]
  0x00007fb3546732d0 JavaThread "pool-2-thread-1" [_thread_blocked, id=20146, stack(0x00007fb31e8d0000,0x00007fb31e9d0000)]
  0x00007fb2941783c0 JavaThread "Timer-1" [_thread_blocked, id=20162, stack(0x00007fb31c0fd000,0x00007fb31c1fd000)]
  0x00007fb2941d0d60 JavaThread "Timer-2" [_thread_blocked, id=20163, stack(0x00007fb267756000,0x00007fb267856000)]
  0x00007fb294183610 JavaThread "Timer-3" [_thread_blocked, id=20489, stack(0x00007fb31d600000,0x00007fb31d700000)]
  0x00007fb29418fa00 JavaThread "Timer-4" [_thread_blocked, id=20491, stack(0x00007fb267656000,0x00007fb267756000)]
  0x00007fb2d448c1c0 JavaThread "Java Debug Server" daemon [_thread_in_native, id=20587, stack(0x00007fb3393fa000,0x00007fb3394fa000)]
  0x00007fb25808b7f0 JavaThread "RxSchedulerPurge-1" daemon [_thread_blocked, id=20590, stack(0x00007fb33aff9000,0x00007fb33b0f9000)]
  0x00007fb25809ba80 JavaThread "RxCachedWorkerPoolEvictor-1" daemon [_thread_blocked, id=20591, stack(0x00007fb2668f9000,0x00007fb2669f9000)]
  0x00007fb2941b4590 JavaThread "Worker-8: Shutdown..." [_thread_blocked, id=21443, stack(0x00007fb31d700000,0x00007fb31d800000)]
  0x00007fb2703ba710 JavaThread "Worker-9" [_thread_blocked, id=21871, stack(0x00007fb3395fa000,0x00007fb3396fa000)]
  0x00007fb2cc152090 JavaThread "ForkJoinPool.commonPool-worker-14" daemon [_thread_blocked, id=29180, stack(0x00007fb3396fa000,0x00007fb3397fa000)]
  0x00007fb2d44875d0 JavaThread "ForkJoinPool.commonPool-worker-15" daemon [_thread_blocked, id=29181, stack(0x00007fb3392fa000,0x00007fb3393fa000)]
  0x00007fb2c40071b0 JavaThread "ForkJoinPool.commonPool-worker-16" daemon [_thread_blocked, id=29182, stack(0x00007fb267456000,0x00007fb267556000)]
  0x00007fb24c0173a0 JavaThread "ForkJoinPool.commonPool-worker-17" daemon [_thread_blocked, id=29183, stack(0x00007fb267556000,0x00007fb267656000)]
  0x00007fb248009610 JavaThread "ForkJoinPool.commonPool-worker-18" daemon [_thread_blocked, id=29184, stack(0x00007fb3386e5000,0x00007fb3387e5000)]
  0x00007fb278005170 JavaThread "process reaper" daemon [_thread_blocked, id=29441, stack(0x00007fb3400c0000,0x00007fb3400e2000)]
  0x00007fb24810fc10 JavaThread "pool-7-thread-1" [_thread_blocked, id=30388, stack(0x00007fb31d400000,0x00007fb31d500000)]

Other Threads:
  0x00007fb3541d5f10 VMThread "VM Thread" [stack: 0x00007fb33b9fb000,0x00007fb33bafb000] [id=20057]
  0x00007fb354070af0 WatcherThread [stack: 0x00007fb33a7c1000,0x00007fb33a8c1000] [id=20072]
  0x00007fb35403d240 GCTaskThread "GC Thread#0" [stack: 0x00007fb35a279000,0x00007fb35a379000] [id=20050]
  0x00007fb334001280 GCTaskThread "GC Thread#1" [stack: 0x00007fb33a5bf000,0x00007fb33a6bf000] [id=20093]
  0x00007fb3340030b0 GCTaskThread "GC Thread#2" [stack: 0x00007fb33a4bd000,0x00007fb33a5bd000] [id=20094]
=>0x00007fb334003a60 GCTaskThread "GC Thread#3" [stack: 0x00007fb339b00000,0x00007fb339c00000] [id=20095]
  0x00007fb334004410 GCTaskThread "GC Thread#4" [stack: 0x00007fb3399fe000,0x00007fb339afe000] [id=20096]
  0x00007fb334004de0 GCTaskThread "GC Thread#5" [stack: 0x00007fb3398fc000,0x00007fb3399fc000] [id=20097]
  0x00007fb334005970 GCTaskThread "GC Thread#6" [stack: 0x00007fb338efa000,0x00007fb338ffa000] [id=20118]
  0x00007fb334006640 GCTaskThread "GC Thread#7" [stack: 0x00007fb3388e7000,0x00007fb3389e7000] [id=20126]

Threads with active compile tasks:
C2 CompilerThread0  2992184 17785  s    4       java.lang.StringBuffer::toString (59 bytes)

VM state: at safepoint (normal execution)

VM Mutex/Monitor currently owned by a thread:  ([mutex/lock_event])
[0x00007fb354022360] Threads_lock - owner thread: 0x00007fb3541d5f10
[0x00007fb354022b10] Heap_lock - owner thread: 0x00007fb2941b4590

Heap address: 0x00000000c0000000, size: 1024 MB, Compressed Oops mode: 32-bit

CDS archive(s) not mapped
Compressed class space mapped at: 0x0000000100000000-0x0000000140000000, reserved size: 1073741824
Narrow klass base: 0x0000000000000000, Narrow klass shift: 3, Narrow klass range: 0x140000000

GC Precious Log:
 CPUs: 8 total, 8 available
 Memory: 15563M
 Large Page Support: Disabled
 NUMA Support: Disabled
 Compressed Oops: Enabled (32-bit)
 Alignments: Space 512K, Generation 512K, Heap 2M
 Heap Min Capacity: 100M
 Heap Initial Capacity: 100M
 Heap Max Capacity: 1G
 Pre-touch: Disabled
 Parallel Workers: 8

Heap:
 PSYoungGen      total 4096K, used 3699K [0x00000000eab00000, 0x00000000eb180000, 0x0000000100000000)
  eden space 3072K, 99% used [0x00000000eab00000,0x00000000eadffb20,0x00000000eae00000)
  from space 1024K, 61% used [0x00000000eb080000,0x00000000eb11d200,0x00000000eb180000)
  to   space 1536K, 27% used [0x00000000eae80000,0x00000000eaeeaf90,0x00000000eb000000)
 ParOldGen       total 306688K, used 269558K [0x00000000c0000000, 0x00000000d2b80000, 0x00000000eab00000)
  object space 306688K, 87% used [0x00000000c0000000,0x00000000d073d868,0x00000000d2b80000)
 Metaspace       used 94858K, committed 96320K, reserved 1138688K
  class space    used 10839K, committed 11456K, reserved 1048576K

Card table byte_map: [0x00007fb35a379000,0x00007fb35a57a000] _byte_map_base: 0x00007fb359d79000

Marking Bits: (ParMarkBitMap*) 0x00007fb35c57d460
 Begin Bits: [0x00007fb358121000, 0x00007fb359121000)
 End Bits:   [0x00007fb359121000, 0x00007fb35a121000)

Polling page: 0x00007fb35c9fd000

Metaspace:

Usage:
  Non-class:     82,05 MB used.
      Class:     10,59 MB used.
       Both:     92,64 MB used.

Virtual space:
  Non-class space:       88,00 MB reserved,      82,88 MB ( 94%) committed,  11 nodes.
      Class space:        1,00 GB reserved,      11,19 MB (  1%) committed,  1 nodes.
             Both:        1,09 GB reserved,      94,06 MB (  8%) committed. 

Chunk freelists:
   Non-Class:  1,38 MB
       Class:  796,00 KB
        Both:  2,16 MB

MaxMetaspaceSize: unlimited
CompressedClassSpaceSize: 1,00 GB
Initial GC threshold: 21,00 MB
Current GC threshold: 156,81 MB
CDS: off
MetaspaceReclaimPolicy: balanced
 - commit_granule_bytes: 65536.
 - commit_granule_words: 8192.
 - virtual_space_node_default_size: 1048576.
 - enlarge_chunks_in_place: 1.
 - new_chunks_are_fully_committed: 0.
 - uncommit_free_chunks: 1.
 - use_allocation_guard: 0.
 - handle_deallocations: 1.


Internal statistics:

num_allocs_failed_limit: 6.
num_arena_births: 814.
num_arena_deaths: 296.
num_vsnodes_births: 12.
num_vsnodes_deaths: 0.
num_space_committed: 1505.
num_space_uncommitted: 0.
num_chunks_returned_to_freelist: 422.
num_chunks_taken_from_freelist: 4507.
num_chunk_merges: 174.
num_chunk_splits: 2961.
num_chunks_enlarged: 1872.
num_purges: 4.
num_inconsistent_stats: 0.

CodeHeap 'non-profiled nmethods': size=120028Kb used=11728Kb max_used=11728Kb free=108299Kb
 bounds [0x00007fb349ecc000, 0x00007fb34aa4c000, 0x00007fb351403000]
CodeHeap 'profiled nmethods': size=120028Kb used=28605Kb max_used=28605Kb free=91422Kb
 bounds [0x00007fb342995000, 0x00007fb344595000, 0x00007fb349ecc000]
CodeHeap 'non-nmethods': size=5704Kb used=1438Kb max_used=1493Kb free=4265Kb
 bounds [0x00007fb342403000, 0x00007fb342673000, 0x00007fb342995000]
 total_blobs=13794 nmethods=13011 adapters=694
 compilation: enabled
              stopped_count=0, restarted_count=0
 full_count=0

Compilation events (20 events):
Event: 2992,103 Thread 0x00007fb354216110 17777       3       java.io.PrintWriter::print (9 bytes)
Event: 2992,103 Thread 0x00007fb354216110 nmethod 17777 0x00007fb34457f710 code [0x00007fb34457f900, 0x00007fb34457fdc0]
Event: 2992,103 Thread 0x00007fb354216110 17783       3       org.eclipse.jdt.internal.compiler.util.GenericXMLWriter::getEscaped (45 bytes)
Event: 2992,105 Thread 0x00007fb354216110 nmethod 17783 0x00007fb34457ff90 code [0x00007fb344580200, 0x00007fb344580c00]
Event: 2992,105 Thread 0x00007fb354216110 17778   !   3       java.io.PrintWriter::write (49 bytes)
Event: 2992,107 Thread 0x00007fb354216110 nmethod 17778 0x00007fb344581090 code [0x00007fb3445812a0, 0x00007fb344581840]
Event: 2992,107 Thread 0x00007fb354216110 17786       3       org.eclipse.jdt.internal.compiler.util.GenericXMLWriter::printTag (182 bytes)
Event: 2992,117 Thread 0x00007fb354216110 nmethod 17786 0x00007fb344581b10 code [0x00007fb344581fe0, 0x00007fb344585260]
Event: 2992,117 Thread 0x00007fb354216110 17788       3       org.eclipse.jdt.internal.compiler.util.GenericXMLWriter::printTabulation (23 bytes)
Event: 2992,117 Thread 0x00007fb354216110 nmethod 17788 0x00007fb344586090 code [0x00007fb344586240, 0x00007fb3445865a0]
Event: 2992,117 Thread 0x00007fb354216110 17779       3       java.io.PrintWriter::print (6 bytes)
Event: 2992,118 Thread 0x00007fb354216110 nmethod 17779 0x00007fb344586710 code [0x00007fb3445868c0, 0x00007fb344586a80]
Event: 2992,118 Thread 0x00007fb354216110 17787       3       org.eclipse.jdt.internal.compiler.util.GenericXMLWriter$1::compare (34 bytes)
Event: 2992,118 Thread 0x00007fb354216110 nmethod 17787 0x00007fb344586b10 code [0x00007fb344586d00, 0x00007fb3445873a0]
Event: 2992,118 Thread 0x00007fb354216110 17789       3       java.io.PrintWriter::print (9 bytes)
Event: 2992,118 Thread 0x00007fb354216110 nmethod 17789 0x00007fb344587590 code [0x00007fb344587780, 0x00007fb344587cb0]
Event: 2992,120 Thread 0x00007fb354214c60 nmethod 17780 0x00007fb34aa3ee10 code [0x00007fb34aa3efc0, 0x00007fb34aa3f788]
Event: 2992,120 Thread 0x00007fb354214c60 17782       4       java.io.StringWriter::write (14 bytes)
Event: 2992,121 Thread 0x00007fb354214c60 nmethod 17782 0x00007fb34aa3fb90 code [0x00007fb34aa3fd20, 0x00007fb34aa3ffc8]
Event: 2992,121 Thread 0x00007fb354214c60 17785  s    4       java.lang.StringBuffer::toString (59 bytes)

GC Heap History (20 events):
Event: 2757,644 GC heap after
{Heap after GC invocations=931 (full 29):
 PSYoungGen      total 2048K, used 416K [0x00000000eab00000, 0x00000000eb300000, 0x0000000100000000)
  eden space 1536K, 0% used [0x00000000eab00000,0x00000000eab00000,0x00000000eac80000)
  from space 512K, 81% used [0x00000000eac80000,0x00000000eace8000,0x00000000ead00000)
  to   space 2560K, 0% used [0x00000000eb080000,0x00000000eb080000,0x00000000eb300000)
 ParOldGen       total 302080K, used 300400K [0x00000000c0000000, 0x00000000d2700000, 0x00000000eab00000)
  object space 302080K, 99% used [0x00000000c0000000,0x00000000d255c2b8,0x00000000d2700000)
 Metaspace       used 95190K, committed 96320K, reserved 1138688K
  class space    used 10905K, committed 11456K, reserved 1048576K
}
Event: 2757,645 GC heap before
{Heap before GC invocations=932 (full 30):
 PSYoungGen      total 2048K, used 416K [0x00000000eab00000, 0x00000000eb300000, 0x0000000100000000)
  eden space 1536K, 0% used [0x00000000eab00000,0x00000000eab00000,0x00000000eac80000)
  from space 512K, 81% used [0x00000000eac80000,0x00000000eace8000,0x00000000ead00000)
  to   space 2560K, 0% used [0x00000000eb080000,0x00000000eb080000,0x00000000eb300000)
 ParOldGen       total 302080K, used 300400K [0x00000000c0000000, 0x00000000d2700000, 0x00000000eab00000)
  object space 302080K, 99% used [0x00000000c0000000,0x00000000d255c2b8,0x00000000d2700000)
 Metaspace       used 95190K, committed 96320K, reserved 1138688K
  class space    used 10905K, committed 11456K, reserved 1048576K
}
Event: 2757,744 GC heap after
{Heap after GC invocations=932 (full 30):
 PSYoungGen      total 3584K, used 0K [0x00000000eab00000, 0x00000000eb200000, 0x0000000100000000)
  eden space 2048K, 0% used [0x00000000eab00000,0x00000000eab00000,0x00000000ead00000)
  from space 1536K, 0% used [0x00000000eb080000,0x00000000eb080000,0x00000000eb200000)
  to   space 2560K, 0% used [0x00000000ead00000,0x00000000ead00000,0x00000000eaf80000)
 ParOldGen       total 306688K, used 260461K [0x00000000c0000000, 0x00000000d2b80000, 0x00000000eab00000)
  object space 306688K, 84% used [0x00000000c0000000,0x00000000cfe5b658,0x00000000d2b80000)
 Metaspace       used 94754K, committed 96320K, reserved 1138688K
  class space    used 10827K, committed 11456K, reserved 1048576K
}
Event: 2779,553 GC heap before
{Heap before GC invocations=933 (full 30):
 PSYoungGen      total 3584K, used 2041K [0x00000000eab00000, 0x00000000eb200000, 0x0000000100000000)
  eden space 2048K, 99% used [0x00000000eab00000,0x00000000eacfe4d0,0x00000000ead00000)
  from space 1536K, 0% used [0x00000000eb080000,0x00000000eb080000,0x00000000eb200000)
  to   space 2560K, 0% used [0x00000000ead00000,0x00000000ead00000,0x00000000eaf80000)
 ParOldGen       total 306688K, used 260461K [0x00000000c0000000, 0x00000000d2b80000, 0x00000000eab00000)
  object space 306688K, 84% used [0x00000000c0000000,0x00000000cfe5b658,0x00000000d2b80000)
 Metaspace       used 94756K, committed 96320K, reserved 1138688K
  class space    used 10827K, committed 11456K, reserved 1048576K
}
Event: 2779,555 GC heap after
{Heap after GC invocations=933 (full 30):
 PSYoungGen      total 4608K, used 352K [0x00000000eab00000, 0x00000000eb100000, 0x0000000100000000)
  eden space 2048K, 0% used [0x00000000eab00000,0x00000000eab00000,0x00000000ead00000)
  from space 2560K, 13% used [0x00000000ead00000,0x00000000ead58000,0x00000000eaf80000)
  to   space 1024K, 0% used [0x00000000eb000000,0x00000000eb000000,0x00000000eb100000)
 ParOldGen       total 306688K, used 260461K [0x00000000c0000000, 0x00000000d2b80000, 0x00000000eab00000)
  object space 306688K, 84% used [0x00000000c0000000,0x00000000cfe5b658,0x00000000d2b80000)
 Metaspace       used 94756K, committed 96320K, reserved 1138688K
  class space    used 10827K, committed 11456K, reserved 1048576K
}
Event: 2779,562 GC heap before
{Heap before GC invocations=934 (full 30):
 PSYoungGen      total 4608K, used 2400K [0x00000000eab00000, 0x00000000eb100000, 0x0000000100000000)
  eden space 2048K, 100% used [0x00000000eab00000,0x00000000ead00000,0x00000000ead00000)
  from space 2560K, 13% used [0x00000000ead00000,0x00000000ead58000,0x00000000eaf80000)
  to   space 1024K, 0% used [0x00000000eb000000,0x00000000eb000000,0x00000000eb100000)
 ParOldGen       total 306688K, used 260461K [0x00000000c0000000, 0x00000000d2b80000, 0x00000000eab00000)
  object space 306688K, 84% used [0x00000000c0000000,0x00000000cfe5b658,0x00000000d2b80000)
 Metaspace       used 94759K, committed 96320K, reserved 1138688K
  class space    used 10827K, committed 11456K, reserved 1048576K
}
Event: 2779,563 GC heap after
{Heap after GC invocations=934 (full 30):
 PSYoungGen      total 3072K, used 128K [0x00000000eab00000, 0x00000000eb080000, 0x0000000100000000)
  eden space 2560K, 0% used [0x00000000eab00000,0x00000000eab00000,0x00000000ead80000)
  from space 512K, 25% used [0x00000000eb000000,0x00000000eb020000,0x00000000eb080000)
  to   space 512K, 0% used [0x00000000eaf80000,0x00000000eaf80000,0x00000000eb000000)
 ParOldGen       total 306688K, used 260717K [0x00000000c0000000, 0x00000000d2b80000, 0x00000000eab00000)
  object space 306688K, 85% used [0x00000000c0000000,0x00000000cfe9b668,0x00000000d2b80000)
 Metaspace       used 94759K, committed 96320K, reserved 1138688K
  class space    used 10827K, committed 11456K, reserved 1048576K
}
Event: 2834,928 GC heap before
{Heap before GC invocations=935 (full 30):
 PSYoungGen      total 3072K, used 2688K [0x00000000eab00000, 0x00000000eb080000, 0x0000000100000000)
  eden space 2560K, 100% used [0x00000000eab00000,0x00000000ead80000,0x00000000ead80000)
  from space 512K, 25% used [0x00000000eb000000,0x00000000eb020000,0x00000000eb080000)
  to   space 512K, 0% used [0x00000000eaf80000,0x00000000eaf80000,0x00000000eb000000)
 ParOldGen       total 306688K, used 260717K [0x00000000c0000000, 0x00000000d2b80000, 0x00000000eab00000)
  object space 306688K, 85% used [0x00000000c0000000,0x00000000cfe9b668,0x00000000d2b80000)
 Metaspace       used 94781K, committed 96320K, reserved 1138688K
  class space    used 10827K, committed 11456K, reserved 1048576K
}
Event: 2834,929 GC heap after
{Heap after GC invocations=935 (full 30):
 PSYoungGen      total 3584K, used 256K [0x00000000eab00000, 0x00000000eb080000, 0x0000000100000000)
  eden space 3072K, 0% used [0x00000000eab00000,0x00000000eab00000,0x00000000eae00000)
  from space 512K, 50% used [0x00000000eaf80000,0x00000000eafc0000,0x00000000eb000000)
  to   space 512K, 0% used [0x00000000eb000000,0x00000000eb000000,0x00000000eb080000)
 ParOldGen       total 306688K, used 260749K [0x00000000c0000000, 0x00000000d2b80000, 0x00000000eab00000)
  object space 306688K, 85% used [0x00000000c0000000,0x00000000cfea3668,0x00000000d2b80000)
 Metaspace       used 94781K, committed 96320K, reserved 1138688K
  class space    used 10827K, committed 11456K, reserved 1048576K
}
Event: 2834,941 GC heap before
{Heap before GC invocations=936 (full 30):
 PSYoungGen      total 3584K, used 3328K [0x00000000eab00000, 0x00000000eb080000, 0x0000000100000000)
  eden space 3072K, 100% used [0x00000000eab00000,0x00000000eae00000,0x00000000eae00000)
  from space 512K, 50% used [0x00000000eaf80000,0x00000000eafc0000,0x00000000eb000000)
  to   space 512K, 0% used [0x00000000eb000000,0x00000000eb000000,0x00000000eb080000)
 ParOldGen       total 306688K, used 260749K [0x00000000c0000000, 0x00000000d2b80000, 0x00000000eab00000)
  object space 306688K, 85% used [0x00000000c0000000,0x00000000cfea3668,0x00000000d2b80000)
 Metaspace       used 94781K, committed 96320K, reserved 1138688K
  class space    used 10827K, committed 11456K, reserved 1048576K
}
Event: 2834,943 GC heap after
{Heap after GC invocations=936 (full 30):
 PSYoungGen      total 2560K, used 506K [0x00000000eab00000, 0x00000000eb400000, 0x0000000100000000)
  eden space 2048K, 0% used [0x00000000eab00000,0x00000000eab00000,0x00000000ead00000)
  from space 512K, 98% used [0x00000000eb000000,0x00000000eb07e900,0x00000000eb080000)
  to   space 3072K, 0% used [0x00000000ead00000,0x00000000ead00000,0x00000000eb000000)
 ParOldGen       total 306688K, used 262784K [0x00000000c0000000, 0x00000000d2b80000, 0x00000000eab00000)
  object space 306688K, 85% used [0x00000000c0000000,0x00000000d00a0248,0x00000000d2b80000)
 Metaspace       used 94781K, committed 96320K, reserved 1138688K
  class space    used 10827K, committed 11456K, reserved 1048576K
}
Event: 2834,947 GC heap before
{Heap before GC invocations=937 (full 30):
 PSYoungGen      total 2560K, used 2554K [0x00000000eab00000, 0x00000000eb400000, 0x0000000100000000)
  eden space 2048K, 100% used [0x00000000eab00000,0x00000000ead00000,0x00000000ead00000)
  from space 512K, 98% used [0x00000000eb000000,0x00000000eb07e900,0x00000000eb080000)
  to   space 3072K, 0% used [0x00000000ead00000,0x00000000ead00000,0x00000000eb000000)
 ParOldGen       total 306688K, used 262784K [0x00000000c0000000, 0x00000000d2b80000, 0x00000000eab00000)
  object space 306688K, 85% used [0x00000000c0000000,0x00000000d00a0248,0x00000000d2b80000)
 Metaspace       used 94781K, committed 96320K, reserved 1138688K
  class space    used 10827K, committed 11456K, reserved 1048576K
}
Event: 2834,950 GC heap after
{Heap after GC invocations=937 (full 30):
 PSYoungGen      total 5120K, used 2176K [0x00000000eab00000, 0x00000000eb280000, 0x0000000100000000)
  eden space 2048K, 0% used [0x00000000eab00000,0x00000000eab00000,0x00000000ead00000)
  from space 3072K, 70% used [0x00000000ead00000,0x00000000eaf20000,0x00000000eb000000)
  to   space 2560K, 0% used [0x00000000eb000000,0x00000000eb000000,0x00000000eb280000)
 ParOldGen       total 306688K, used 263301K [0x00000000c0000000, 0x00000000d2b80000, 0x00000000eab00000)
  object space 306688K, 85% used [0x00000000c0000000,0x00000000d0121448,0x00000000d2b80000)
 Metaspace       used 94781K, committed 96320K, reserved 1138688K
  class space    used 10827K, committed 11456K, reserved 1048576K
}
Event: 2834,954 GC heap before
{Heap before GC invocations=938 (full 30):
 PSYoungGen      total 5120K, used 4224K [0x00000000eab00000, 0x00000000eb280000, 0x0000000100000000)
  eden space 2048K, 100% used [0x00000000eab00000,0x00000000ead00000,0x00000000ead00000)
  from space 3072K, 70% used [0x00000000ead00000,0x00000000eaf20000,0x00000000eb000000)
  to   space 2560K, 0% used [0x00000000eb000000,0x00000000eb000000,0x00000000eb280000)
 ParOldGen       total 306688K, used 263301K [0x00000000c0000000, 0x00000000d2b80000, 0x00000000eab00000)
  object space 306688K, 85% used [0x00000000c0000000,0x00000000d0121448,0x00000000d2b80000)
 Metaspace       used 94781K, committed 96320K, reserved 1138688K
  class space    used 10827K, committed 11456K, reserved 1048576K
}
Event: 2834,958 GC heap after
{Heap after GC invocations=938 (full 30):
 PSYoungGen      total 5120K, used 2144K [0x00000000eab00000, 0x00000000eb280000, 0x0000000100000000)
  eden space 2560K, 0% used [0x00000000eab00000,0x00000000eab00000,0x00000000ead80000)
  from space 2560K, 83% used [0x00000000eb000000,0x00000000eb218000,0x00000000eb280000)
  to   space 2560K, 0% used [0x00000000ead80000,0x00000000ead80000,0x00000000eb000000)
 ParOldGen       total 306688K, used 265349K [0x00000000c0000000, 0x00000000d2b80000, 0x00000000eab00000)
  object space 306688K, 86% used [0x00000000c0000000,0x00000000d0321448,0x00000000d2b80000)
 Metaspace       used 94781K, committed 96320K, reserved 1138688K
  class space    used 10827K, committed 11456K, reserved 1048576K
}
Event: 2835,002 GC heap before
{Heap before GC invocations=939 (full 30):
 PSYoungGen      total 5120K, used 4704K [0x00000000eab00000, 0x00000000eb280000, 0x0000000100000000)
  eden space 2560K, 100% used [0x00000000eab00000,0x00000000ead80000,0x00000000ead80000)
  from space 2560K, 83% used [0x00000000eb000000,0x00000000eb218000,0x00000000eb280000)
  to   space 2560K, 0% used [0x00000000ead80000,0x00000000ead80000,0x00000000eb000000)
 ParOldGen       total 306688K, used 265349K [0x00000000c0000000, 0x00000000d2b80000, 0x00000000eab00000)
  object space 306688K, 86% used [0x00000000c0000000,0x00000000d0321448,0x00000000d2b80000)
 Metaspace       used 94781K, committed 96320K, reserved 1138688K
  class space    used 10827K, committed 11456K, reserved 1048576K
}
Event: 2835,006 GC heap after
{Heap after GC invocations=939 (full 30):
 PSYoungGen      total 5120K, used 2036K [0x00000000eab00000, 0x00000000eb300000, 0x0000000100000000)
  eden space 2560K, 0% used [0x00000000eab00000,0x00000000eab00000,0x00000000ead80000)
  from space 2560K, 79% used [0x00000000ead80000,0x00000000eaf7d200,0x00000000eb000000)
  to   space 2560K, 0% used [0x00000000eb080000,0x00000000eb080000,0x00000000eb300000)
 ParOldGen       total 306688K, used 267397K [0x00000000c0000000, 0x00000000d2b80000, 0x00000000eab00000)
  object space 306688K, 87% used [0x00000000c0000000,0x00000000d0521448,0x00000000d2b80000)
 Metaspace       used 94781K, committed 96320K, reserved 1138688K
  class space    used 10827K, committed 11456K, reserved 1048576K
}
Event: 2835,018 GC heap before
{Heap before GC invocations=940 (full 30):
 PSYoungGen      total 5120K, used 4596K [0x00000000eab00000, 0x00000000eb300000, 0x0000000100000000)
  eden space 2560K, 100% used [0x00000000eab00000,0x00000000ead80000,0x00000000ead80000)
  from space 2560K, 79% used [0x00000000ead80000,0x00000000eaf7d200,0x00000000eb000000)
  to   space 2560K, 0% used [0x00000000eb080000,0x00000000eb080000,0x00000000eb300000)
 ParOldGen       total 306688K, used 267397K [0x00000000c0000000, 0x00000000d2b80000, 0x00000000eab00000)
  object space 306688K, 87% used [0x00000000c0000000,0x00000000d0521448,0x00000000d2b80000)
 Metaspace       used 94782K, committed 96320K, reserved 1138688K
  class space    used 10827K, committed 11456K, reserved 1048576K
}
Event: 2835,021 GC heap after
{Heap after GC invocations=940 (full 30):
 PSYoungGen      total 4096K, used 628K [0x00000000eab00000, 0x00000000eb180000, 0x0000000100000000)
  eden space 3072K, 0% used [0x00000000eab00000,0x00000000eab00000,0x00000000eae00000)
  from space 1024K, 61% used [0x00000000eb080000,0x00000000eb11d200,0x00000000eb180000)
  to   space 1536K, 0% used [0x00000000eae80000,0x00000000eae80000,0x00000000eb000000)
 ParOldGen       total 306688K, used 268993K [0x00000000c0000000, 0x00000000d2b80000, 0x00000000eab00000)
  object space 306688K, 87% used [0x00000000c0000000,0x00000000d06b0648,0x00000000d2b80000)
 Metaspace       used 94782K, committed 96320K, reserved 1138688K
  class space    used 10827K, committed 11456K, reserved 1048576K
}
Event: 2992,125 GC heap before
{Heap before GC invocations=941 (full 30):
 PSYoungGen      total 4096K, used 3699K [0x00000000eab00000, 0x00000000eb180000, 0x0000000100000000)
  eden space 3072K, 99% used [0x00000000eab00000,0x00000000eadffb20,0x00000000eae00000)
  from space 1024K, 61% used [0x00000000eb080000,0x00000000eb11d200,0x00000000eb180000)
  to   space 1536K, 0% used [0x00000000eae80000,0x00000000eae80000,0x00000000eb000000)
 ParOldGen       total 306688K, used 268993K [0x00000000c0000000, 0x00000000d2b80000, 0x00000000eab00000)
  object space 306688K, 87% used [0x00000000c0000000,0x00000000d06b0648,0x00000000d2b80000)
 Metaspace       used 94858K, committed 96320K, reserved 1138688K
  class space    used 10839K, committed 11456K, reserved 1048576K
}

Deoptimization events (20 events):
Event: 2778,539 Thread 0x00007fb27c0fccc0 Uncommon trap: trap_request=0xfffffff4 fr.pc=0x00007fb34a140f20 relative=0x0000000000000440
Event: 2778,539 Thread 0x00007fb27c0fccc0 Uncommon trap: reason=null_check action=make_not_entrant pc=0x00007fb34a140f20 method=java.lang.Class.reflectionData()Ljava/lang/Class$ReflectionData; @ 18 c2
Event: 2778,540 Thread 0x00007fb27c0fccc0 DEOPT PACKING pc=0x00007fb34a140f20 sp=0x00007fb3395f6b20
Event: 2778,540 Thread 0x00007fb27c0fccc0 DEOPT UNPACKING pc=0x00007fb342458599 sp=0x00007fb3395f6ad0 mode 2
Event: 2779,549 Thread 0x00007fb27c0fccc0 Uncommon trap: trap_request=0xfffffff4 fr.pc=0x00007fb34a9ad10c relative=0x00000000000005ac
Event: 2779,549 Thread 0x00007fb27c0fccc0 Uncommon trap: reason=null_check action=make_not_entrant pc=0x00007fb34a9ad10c method=java.lang.Class.reflectionData()Ljava/lang/Class$ReflectionData; @ 18 c2
Event: 2779,549 Thread 0x00007fb27c0fccc0 DEOPT PACKING pc=0x00007fb34a9ad10c sp=0x00007fb3395f78c0
Event: 2779,549 Thread 0x00007fb27c0fccc0 DEOPT UNPACKING pc=0x00007fb342458599 sp=0x00007fb3395f7810 mode 2
Event: 2835,016 Thread 0x00007fb27c0fccc0 Uncommon trap: trap_request=0xfffffff4 fr.pc=0x00007fb34a98e00c relative=0x0000000000002d4c
Event: 2835,016 Thread 0x00007fb27c0fccc0 Uncommon trap: reason=null_check action=make_not_entrant pc=0x00007fb34a98e00c method=java.lang.Class.reflectionData()Ljava/lang/Class$ReflectionData; @ 18 c2
Event: 2835,016 Thread 0x00007fb27c0fccc0 DEOPT PACKING pc=0x00007fb34a98e00c sp=0x00007fb3395f7570
Event: 2835,016 Thread 0x00007fb27c0fccc0 DEOPT UNPACKING pc=0x00007fb342458599 sp=0x00007fb3395f7470 mode 2
Event: 2835,016 Thread 0x00007fb27c0fccc0 Uncommon trap: trap_request=0xfffffff4 fr.pc=0x00007fb34a8b97e4 relative=0x00000000000005e4
Event: 2835,016 Thread 0x00007fb27c0fccc0 Uncommon trap: reason=null_check action=make_not_entrant pc=0x00007fb34a8b97e4 method=java.lang.Class.reflectionData()Ljava/lang/Class$ReflectionData; @ 18 c2
Event: 2835,016 Thread 0x00007fb27c0fccc0 DEOPT PACKING pc=0x00007fb34a8b97e4 sp=0x00007fb3395f7460
Event: 2835,016 Thread 0x00007fb27c0fccc0 DEOPT UNPACKING pc=0x00007fb342458599 sp=0x00007fb3395f73c8 mode 2
Event: 2835,017 Thread 0x00007fb27c0fccc0 Uncommon trap: trap_request=0xfffffff4 fr.pc=0x00007fb34a776aa4 relative=0x0000000000002b64
Event: 2835,017 Thread 0x00007fb27c0fccc0 Uncommon trap: reason=null_check action=make_not_entrant pc=0x00007fb34a776aa4 method=java.lang.Class.reflectionData()Ljava/lang/Class$ReflectionData; @ 18 c2
Event: 2835,017 Thread 0x00007fb27c0fccc0 DEOPT PACKING pc=0x00007fb34a776aa4 sp=0x00007fb3395f7250
Event: 2835,017 Thread 0x00007fb27c0fccc0 DEOPT UNPACKING pc=0x00007fb342458599 sp=0x00007fb3395f7140 mode 2

Classes unloaded (20 events):
Event: 2757,678 Thread 0x00007fb3541d5f10 Unloading class 0x00000001003e8000 'jdk/internal/reflect/GeneratedConstructorAccessor6'
Event: 2757,678 Thread 0x00007fb3541d5f10 Unloading class 0x00000001002bd000 'java/lang/invoke/LambdaForm$MH+0x00000001002bd000'
Event: 2757,678 Thread 0x00007fb3541d5f10 Unloading class 0x00000001002bcc00 'java/lang/invoke/LambdaForm$MH+0x00000001002bcc00'
Event: 2757,678 Thread 0x00007fb3541d5f10 Unloading class 0x00000001002bc800 'java/lang/invoke/LambdaForm$MH+0x00000001002bc800'
Event: 2757,678 Thread 0x00007fb3541d5f10 Unloading class 0x00000001002bc400 'java/lang/invoke/LambdaForm$MH+0x00000001002bc400'
Event: 2757,678 Thread 0x00007fb3541d5f10 Unloading class 0x00000001002bc000 'jdk/internal/reflect/GeneratedConstructorAccessor3'
Event: 2757,678 Thread 0x00007fb3541d5f10 Unloading class 0x00000001001b2800 'java/lang/invoke/LambdaForm$MH+0x00000001001b2800'
Event: 2757,678 Thread 0x00007fb3541d5f10 Unloading class 0x00000001001b2000 'java/lang/invoke/LambdaForm$MH+0x00000001001b2000'
Event: 2757,678 Thread 0x00007fb3541d5f10 Unloading class 0x00000001001b1c00 'java/lang/invoke/LambdaForm$MH+0x00000001001b1c00'
Event: 2757,678 Thread 0x00007fb3541d5f10 Unloading class 0x00000001001b1800 'java/lang/invoke/LambdaForm$MH+0x00000001001b1800'
Event: 2757,678 Thread 0x00007fb3541d5f10 Unloading class 0x00000001001b1000 'java/lang/invoke/LambdaForm$MH+0x00000001001b1000'
Event: 2757,678 Thread 0x00007fb3541d5f10 Unloading class 0x00000001001b0c00 'java/lang/invoke/LambdaForm$MH+0x00000001001b0c00'
Event: 2757,678 Thread 0x00007fb3541d5f10 Unloading class 0x00000001001b0800 'java/lang/invoke/LambdaForm$MH+0x00000001001b0800'
Event: 2757,678 Thread 0x00007fb3541d5f10 Unloading class 0x00000001001b0000 'java/lang/invoke/LambdaForm$MH+0x00000001001b0000'
Event: 2757,678 Thread 0x00007fb3541d5f10 Unloading class 0x000000010015a000 'jdk/internal/reflect/GeneratedMethodAccessor5'
Event: 2757,678 Thread 0x00007fb3541d5f10 Unloading class 0x0000000100159c00 'jdk/internal/reflect/GeneratedMethodAccessor4'
Event: 2757,678 Thread 0x00007fb3541d5f10 Unloading class 0x0000000100159800 'jdk/internal/reflect/GeneratedMethodAccessor3'
Event: 2757,678 Thread 0x00007fb3541d5f10 Unloading class 0x0000000100159400 'jdk/internal/reflect/GeneratedMethodAccessor2'
Event: 2757,678 Thread 0x00007fb3541d5f10 Unloading class 0x0000000100159000 'jdk/internal/reflect/GeneratedMethodAccessor1'
Event: 2757,678 Thread 0x00007fb3541d5f10 Unloading class 0x00000001000c9400 'java/lang/invoke/LambdaForm$DMH+0x00000001000c9400'

Classes redefined (0 events):
No events

Internal exceptions (20 events):
Event: 619,374 Thread 0x00007fb2d4366060 Exception <a 'java/lang/ClassNotFoundException'{0x00000000eab1d5c0}: sun/net/www/protocol/jdt/Handler> (0x00000000eab1d5c0) 
thrown [src/hotspot/share/classfile/systemDictionary.cpp, line 256]
Event: 619,374 Thread 0x00007fb2d4366060 Exception <a 'java/lang/ClassNotFoundException'{0x00000000eab1fc40}: sun/net/www/protocol/jdt/Handler> (0x00000000eab1fc40) 
thrown [src/hotspot/share/classfile/systemDictionary.cpp, line 256]
Event: 619,374 Thread 0x00007fb2d4366060 Exception <a 'java/lang/ClassNotFoundException'{0x00000000eab32930}: sun/net/www/protocol/jdt/Handler> (0x00000000eab32930) 
thrown [src/hotspot/share/classfile/systemDictionary.cpp, line 256]
Event: 619,374 Thread 0x00007fb2d4366060 Exception <a 'java/lang/ClassNotFoundException'{0x00000000eab351b8}: sun/net/www/protocol/jdt/Handler> (0x00000000eab351b8) 
thrown [src/hotspot/share/classfile/systemDictionary.cpp, line 256]
Event: 619,374 Thread 0x00007fb2d4366060 Exception <a 'java/lang/ClassNotFoundException'{0x00000000eab37a48}: sun/net/www/protocol/jdt/Handler> (0x00000000eab37a48) 
thrown [src/hotspot/share/classfile/systemDictionary.cpp, line 256]
Event: 619,375 Thread 0x00007fb2d4366060 Exception <a 'java/lang/ClassNotFoundException'{0x00000000eab3f030}: sun/net/www/protocol/jdt/Handler> (0x00000000eab3f030) 
thrown [src/hotspot/share/classfile/systemDictionary.cpp, line 256]
Event: 619,375 Thread 0x00007fb2d4366060 Exception <a 'java/lang/ClassNotFoundException'{0x00000000eab42448}: sun/net/www/protocol/jdt/Handler> (0x00000000eab42448) 
thrown [src/hotspot/share/classfile/systemDictionary.cpp, line 256]
Event: 619,375 Thread 0x00007fb2d4366060 Exception <a 'java/lang/ClassNotFoundException'{0x00000000eab487d8}: sun/net/www/protocol/jdt/Handler> (0x00000000eab487d8) 
thrown [src/hotspot/share/classfile/systemDictionary.cpp, line 256]
Event: 619,375 Thread 0x00007fb2d4366060 Exception <a 'java/lang/ClassNotFoundException'{0x00000000eab4b190}: sun/net/www/protocol/jdt/Handler> (0x00000000eab4b190) 
thrown [src/hotspot/share/classfile/systemDictionary.cpp, line 256]
Event: 619,375 Thread 0x00007fb2d4366060 Exception <a 'java/lang/ClassNotFoundException'{0x00000000eab4db48}: sun/net/www/protocol/jdt/Handler> (0x00000000eab4db48) 
thrown [src/hotspot/share/classfile/systemDictionary.cpp, line 256]
Event: 2654,711 Thread 0x00007fb27c0fccc0 Exception <a 'java/lang/ClassNotFoundException'{0x00000000eab129e0}: sun/net/www/protocol/jdt/Handler> (0x00000000eab129e0) 
thrown [src/hotspot/share/classfile/systemDictionary.cpp, line 256]
Event: 2655,460 Thread 0x00007fb27c0fccc0 Exception <a 'java/lang/ClassNotFoundException'{0x00000000eac2ec00}: sun/net/www/protocol/jdt/Handler> (0x00000000eac2ec00) 
thrown [src/hotspot/share/classfile/systemDictionary.cpp, line 256]
Event: 2655,461 Thread 0x00007fb27c0fccc0 Exception <a 'java/lang/ClassNotFoundException'{0x00000000eac31478}: sun/net/www/protocol/jdt/Handler> (0x00000000eac31478) 
thrown [src/hotspot/share/classfile/systemDictionary.cpp, line 256]
Event: 2655,461 Thread 0x00007fb27c0fccc0 Exception <a 'java/lang/ClassNotFoundException'{0x00000000eac33ec8}: sun/net/www/protocol/jdt/Handler> (0x00000000eac33ec8) 
thrown [src/hotspot/share/classfile/systemDictionary.cpp, line 256]
Event: 2778,539 Thread 0x00007fb27c0fccc0 Implicit null exception at 0x00007fb34aa2079b to 0x00007fb34aa20f9c
Event: 2778,539 Thread 0x00007fb27c0fccc0 Implicit null exception at 0x00007fb34a140b25 to 0x00007fb34a140f0c
Event: 2779,549 Thread 0x00007fb27c0fccc0 Implicit null exception at 0x00007fb34a9acbad to 0x00007fb34a9ad0f0
Event: 2835,016 Thread 0x00007fb27c0fccc0 Implicit null exception at 0x00007fb34a98b311 to 0x00007fb34a98dfec
Event: 2835,016 Thread 0x00007fb27c0fccc0 Implicit null exception at 0x00007fb34a8b9249 to 0x00007fb34a8b97c8
Event: 2835,017 Thread 0x00007fb27c0fccc0 Implicit null exception at 0x00007fb34a7742fe to 0x00007fb34a776a74

VM Operations (20 events):
Event: 2779,563 Executing VM operation: ParallelGCFailedAllocation done
Event: 2780,563 Executing VM operation: Cleanup
Event: 2780,563 Executing VM operation: Cleanup done
Event: 2834,787 Executing VM operation: ICBufferFull
Event: 2834,787 Executing VM operation: ICBufferFull done
Event: 2834,928 Executing VM operation: ParallelGCFailedAllocation
Event: 2834,929 Executing VM operation: ParallelGCFailedAllocation done
Event: 2834,940 Executing VM operation: ParallelGCFailedAllocation
Event: 2834,943 Executing VM operation: ParallelGCFailedAllocation done
Event: 2834,947 Executing VM operation: ParallelGCFailedAllocation
Event: 2834,950 Executing VM operation: ParallelGCFailedAllocation done
Event: 2834,954 Executing VM operation: ParallelGCFailedAllocation
Event: 2834,958 Executing VM operation: ParallelGCFailedAllocation done
Event: 2835,002 Executing VM operation: ParallelGCFailedAllocation
Event: 2835,006 Executing VM operation: ParallelGCFailedAllocation done
Event: 2835,018 Executing VM operation: ParallelGCFailedAllocation
Event: 2835,021 Executing VM operation: ParallelGCFailedAllocation done
Event: 2836,021 Executing VM operation: Cleanup
Event: 2836,021 Executing VM operation: Cleanup done
Event: 2992,124 Executing VM operation: ParallelGCFailedAllocation

Events (20 events):
Event: 2757,601 Protecting memory [0x00007fb31d400000,0x00007fb31d404000] with protection modes 0
Event: 2779,583 Thread 0x00007fb2c0122c60 Thread added: 0x00007fb2c0122c60
Event: 2779,583 Protecting memory [0x00007fb31d500000,0x00007fb31d504000] with protection modes 0
Event: 2779,585 Thread 0x00007fb2880048b0 Thread added: 0x00007fb2880048b0
Event: 2779,585 Protecting memory [0x00007fb3384e5000,0x00007fb3384e9000] with protection modes 0
Event: 2779,598 Thread 0x00007fb29419ff30 Thread added: 0x00007fb29419ff30
Event: 2779,598 Protecting memory [0x00007fb3382e5000,0x00007fb3382e9000] with protection modes 0
Event: 2779,605 Thread 0x00007fb288000fe0 Thread added: 0x00007fb288000fe0
Event: 2779,605 Protecting memory [0x00007fb33a6bf000,0x00007fb33a6c3000] with protection modes 0
Event: 2779,606 Thread 0x00007fb29419ff30 Thread exited: 0x00007fb29419ff30
Event: 2779,606 Thread 0x00007fb288000fe0 Thread exited: 0x00007fb288000fe0
Event: 2780,115 Thread 0x00007fb2880048b0 Thread exited: 0x00007fb2880048b0
Event: 2810,116 Thread 0x00007fb2c0122c60 Thread exited: 0x00007fb2c0122c60
Event: 2813,861 Thread 0x00007fb278005170 Thread exited: 0x00007fb278005170
Event: 2813,865 Thread 0x00007fb278005170 Thread added: 0x00007fb278005170
Event: 2813,865 Protecting memory [0x00007fb3400c0000,0x00007fb3400c4000] with protection modes 0
Event: 2895,027 Thread 0x00007fb27c0fccc0 Thread exited: 0x00007fb27c0fccc0
Event: 2948,847 Thread 0x00007fb29c017cd0 Thread exited: 0x00007fb29c017cd0
Event: 2992,006 Thread 0x00007fb24810fc10 Thread added: 0x00007fb24810fc10
Event: 2992,006 Protecting memory [0x00007fb31d400000,0x00007fb31d404000] with protection modes 0


Dynamic libraries:
c0000000-d2b80000 rw-p 00000000 00:00 0 
d2b80000-eab00000 ---p 00000000 00:00 0 
eab00000-eb180000 rw-p 00000000 00:00 0 
eb180000-100000000 ---p 00000000 00:00 0 
100000000-100020000 rw-p 00000000 00:00 0 
100020000-100040000 rw-p 00000000 00:00 0 
100040000-1000c0000 rw-p 00000000 00:00 0 
1000c0000-1000e0000 rw-p 00000000 00:00 0 
1000e0000-100140000 rw-p 00000000 00:00 0 
100140000-100200000 rw-p 00000000 00:00 0 
100200000-100300000 rw-p 00000000 00:00 0 
100300000-100460000 rw-p 00000000 00:00 0 
100460000-100480000 rw-p 00000000 00:00 0 
100480000-100560000 rw-p 00000000 00:00 0 
100560000-1005c0000 rw-p 00000000 00:00 0 
1005c0000-1008e0000 rw-p 00000000 00:00 0 
1008e0000-100900000 rw-p 00000000 00:00 0 
100900000-100b10000 rw-p 00000000 00:00 0 
100b10000-100b40000 ---p 00000000 00:00 0 
100b40000-100b60000 rw-p 00000000 00:00 0 
100b60000-140000000 ---p 00000000 00:00 0 
55f5bcc00000-55f5bcc01000 r-xp 00000000 fd:01 19536998                   /home/link/.vscode/extensions/redhat.java-1.2.0/jre/17.0.1-linux-x86_64/bin/java
55f5bce01000-55f5bce02000 r--p 00001000 fd:01 19536998                   /home/link/.vscode/extensions/redhat.java-1.2.0/jre/17.0.1-linux-x86_64/bin/java
55f5bce02000-55f5bce03000 rw-p 00002000 fd:01 19536998                   /home/link/.vscode/extensions/redhat.java-1.2.0/jre/17.0.1-linux-x86_64/bin/java
55f5bce5a000-55f5bce7b000 rw-p 00000000 00:00 0                          [heap]
7fb230000000-7fb230021000 rw-p 00000000 00:00 0 
7fb230021000-7fb234000000 ---p 00000000 00:00 0 
7fb237800000-7fb237af0000 rw-p 00000000 00:00 0 
7fb237af0000-7fb238000000 ---p 00000000 00:00 0 
7fb238000000-7fb2381f5000 rw-p 00000000 00:00 0 
7fb2381f5000-7fb23c000000 ---p 00000000 00:00 0 
7fb23c000000-7fb23c021000 rw-p 00000000 00:00 0 
7fb23c021000-7fb240000000 ---p 00000000 00:00 0 
7fb240000000-7fb240021000 rw-p 00000000 00:00 0 
7fb240021000-7fb244000000 ---p 00000000 00:00 0 
7fb244000000-7fb244021000 rw-p 00000000 00:00 0 
7fb244021000-7fb248000000 ---p 00000000 00:00 0 
7fb248000000-7fb249113000 rw-p 00000000 00:00 0 
7fb249113000-7fb24c000000 ---p 00000000 00:00 0 
7fb24c000000-7fb24c088000 rw-p 00000000 00:00 0 
7fb24c088000-7fb250000000 ---p 00000000 00:00 0 
7fb250000000-7fb250021000 rw-p 00000000 00:00 0 
7fb250021000-7fb254000000 ---p 00000000 00:00 0 
7fb254000000-7fb255772000 rw-p 00000000 00:00 0 
7fb255772000-7fb258000000 ---p 00000000 00:00 0 
7fb258000000-7fb25a017000 rw-p 00000000 00:00 0 
7fb25a017000-7fb25c000000 ---p 00000000 00:00 0 
7fb25c000000-7fb25c021000 rw-p 00000000 00:00 0 
7fb25c021000-7fb260000000 ---p 00000000 00:00 0 
7fb260000000-7fb261366000 rw-p 00000000 00:00 0 
7fb261366000-7fb264000000 ---p 00000000 00:00 0 
7fb264700000-7fb264704000 ---p 00000000 00:00 0 
7fb264704000-7fb265000000 rw-p 00000000 00:00 0 
7fb265000000-7fb265500000 rw-p 00000000 00:00 0 
7fb265500000-7fb2655f0000 rw-p 00000000 00:00 0 
7fb2655f0000-7fb265600000 ---p 00000000 00:00 0 
7fb265600000-7fb265800000 rw-p 00000000 00:00 0 
7fb2658f4000-7fb2658f8000 ---p 00000000 00:00 0 
7fb2658f8000-7fb2659f4000 rw-p 00000000 00:00 0 
7fb2659f4000-7fb2659f8000 ---p 00000000 00:00 0 
7fb2659f8000-7fb265af4000 rw-p 00000000 00:00 0 
7fb265af4000-7fb265af8000 ---p 00000000 00:00 0 
7fb265af8000-7fb265bf4000 rw-p 00000000 00:00 0 
7fb265bf4000-7fb265bf9000 r-xp 00000000 fd:01 19662060                   /home/link/.vscode/extensions/redhat.java-1.2.0/jre/17.0.1-linux-x86_64/lib/libmanagement_ext.so
7fb265bf9000-7fb265df9000 ---p 00005000 fd:01 19662060                   /home/link/.vscode/extensions/redhat.java-1.2.0/jre/17.0.1-linux-x86_64/lib/libmanagement_ext.so
7fb265df9000-7fb265dfa000 r--p 00005000 fd:01 19662060                   /home/link/.vscode/extensions/redhat.java-1.2.0/jre/17.0.1-linux-x86_64/lib/libmanagement_ext.so
7fb265dfa000-7fb265dfb000 rw-p 00006000 fd:01 19662060                   /home/link/.vscode/extensions/redhat.java-1.2.0/jre/17.0.1-linux-x86_64/lib/libmanagement_ext.so
7fb265dfb000-7fb265dff000 r-xp 00000000 fd:01 19662066                   /home/link/.vscode/extensions/redhat.java-1.2.0/jre/17.0.1-linux-x86_64/lib/libmanagement.so
7fb265dff000-7fb265ffe000 ---p 00004000 fd:01 19662066                   /home/link/.vscode/extensions/redhat.java-1.2.0/jre/17.0.1-linux-x86_64/lib/libmanagement.so
7fb265ffe000-7fb265fff000 r--p 00003000 fd:01 19662066                   /home/link/.vscode/extensions/redhat.java-1.2.0/jre/17.0.1-linux-x86_64/lib/libmanagement.so
7fb265fff000-7fb266000000 rw-p 00004000 fd:01 19662066                   /home/link/.vscode/extensions/redhat.java-1.2.0/jre/17.0.1-linux-x86_64/lib/libmanagement.so
7fb266000000-7fb266700000 rw-p 00000000 00:00 0 
7fb266700000-7fb266800000 rw-p 00000000 00:00 0 
7fb2668f9000-7fb2668fd000 ---p 00000000 00:00 0 
7fb2668fd000-7fb2669f9000 rw-p 00000000 00:00 0 
7fb2669f9000-7fb2669fe000 r-xp 00000000 fd:01 82039365                   /home/link/.gradle/native/e1d6ef7f7dcc3fd88c89a11ec53ec762bb8ba0a96d01ffa2cd45eb1d1d8dd5c5/linux-amd64/libnative-platform.so
7fb2669fe000-7fb266bfe000 ---p 00005000 fd:01 82039365                   /home/link/.gradle/native/e1d6ef7f7dcc3fd88c89a11ec53ec762bb8ba0a96d01ffa2cd45eb1d1d8dd5c5/linux-amd64/libnative-platform.so
7fb266bfe000-7fb266bff000 r--p 00005000 fd:01 82039365                   /home/link/.gradle/native/e1d6ef7f7dcc3fd88c89a11ec53ec762bb8ba0a96d01ffa2cd45eb1d1d8dd5c5/linux-amd64/libnative-platform.so
7fb266bff000-7fb266c00000 rw-p 00006000 fd:01 82039365                   /home/link/.gradle/native/e1d6ef7f7dcc3fd88c89a11ec53ec762bb8ba0a96d01ffa2cd45eb1d1d8dd5c5/linux-amd64/libnative-platform.so
7fb266c00000-7fb267100000 rw-p 00000000 00:00 0 
7fb267100000-7fb267200000 rw-p 00000000 00:00 0 
7fb267200000-7fb267400000 rw-p 00000000 00:00 0 
7fb267456000-7fb26745a000 ---p 00000000 00:00 0 
7fb26745a000-7fb267556000 rw-p 00000000 00:00 0 
7fb267556000-7fb26755a000 ---p 00000000 00:00 0 
7fb26755a000-7fb267656000 rw-p 00000000 00:00 0 
7fb267656000-7fb26765a000 ---p 00000000 00:00 0 
7fb26765a000-7fb267756000 rw-p 00000000 00:00 0 
7fb267756000-7fb26775a000 ---p 00000000 00:00 0 
7fb26775a000-7fb267856000 rw-p 00000000 00:00 0 
7fb267856000-7fb270000000 r--s 00000000 fd:01 137008302                  /usr/lib/jvm/java-11-openjdk-11.0.13.0.8-2.fc35.x86_64/lib/modules
7fb270000000-7fb2705ce000 rw-p 00000000 00:00 0 
7fb2705ce000-7fb274000000 ---p 00000000 00:00 0 
7fb274000000-7fb2740d4000 rw-p 00000000 00:00 0 
7fb2740d4000-7fb278000000 ---p 00000000 00:00 0 
7fb278000000-7fb278021000 rw-p 00000000 00:00 0 
7fb278021000-7fb27c000000 ---p 00000000 00:00 0 
7fb27c000000-7fb27c25c000 rw-p 00000000 00:00 0 
7fb27c25c000-7fb280000000 ---p 00000000 00:00 0 
7fb280000000-7fb2804ee000 rw-p 00000000 00:00 0 
7fb2804ee000-7fb284000000 ---p 00000000 00:00 0 
7fb284000000-7fb284021000 rw-p 00000000 00:00 0 
7fb284021000-7fb288000000 ---p 00000000 00:00 0 
7fb288000000-7fb2891f6000 rw-p 00000000 00:00 0 
7fb2891f6000-7fb28c000000 ---p 00000000 00:00 0 
7fb28c000000-7fb28c074000 rw-p 00000000 00:00 0 
7fb28c074000-7fb290000000 ---p 00000000 00:00 0 
7fb290000000-7fb290021000 rw-p 00000000 00:00 0 
7fb290021000-7fb294000000 ---p 00000000 00:00 0 
7fb294000000-7fb2943e2000 rw-p 00000000 00:00 0 
7fb2943e2000-7fb298000000 ---p 00000000 00:00 0 
7fb298000000-7fb298021000 rw-p 00000000 00:00 0 
7fb298021000-7fb29c000000 ---p 00000000 00:00 0 
7fb29c000000-7fb29c06b000 rw-p 00000000 00:00 0 
7fb29c06b000-7fb2a0000000 ---p 00000000 00:00 0 
7fb2a0000000-7fb2a0021000 rw-p 00000000 00:00 0 
7fb2a0021000-7fb2a4000000 ---p 00000000 00:00 0 
7fb2a4000000-7fb2a4021000 rw-p 00000000 00:00 0 
7fb2a4021000-7fb2a8000000 ---p 00000000 00:00 0 
7fb2a8000000-7fb2a8034000 rw-p 00000000 00:00 0 
7fb2a8034000-7fb2ac000000 ---p 00000000 00:00 0 
7fb2ac000000-7fb2ac021000 rw-p 00000000 00:00 0 
7fb2ac021000-7fb2b0000000 ---p 00000000 00:00 0 
7fb2b0000000-7fb2b0aa9000 rw-p 00000000 00:00 0 
7fb2b0aa9000-7fb2b4000000 ---p 00000000 00:00 0 
7fb2b4000000-7fb2b4021000 rw-p 00000000 00:00 0 
7fb2b4021000-7fb2b8000000 ---p 00000000 00:00 0 
7fb2b8000000-7fb2b8021000 rw-p 00000000 00:00 0 
7fb2b8021000-7fb2bc000000 ---p 00000000 00:00 0 
7fb2bc000000-7fb2bc021000 rw-p 00000000 00:00 0 
7fb2bc021000-7fb2c0000000 ---p 00000000 00:00 0 
7fb2c0000000-7fb2c27bb000 rw-p 00000000 00:00 0 
7fb2c27bb000-7fb2c4000000 ---p 00000000 00:00 0 
7fb2c4000000-7fb2c4026000 rw-p 00000000 00:00 0 
7fb2c4026000-7fb2c8000000 ---p 00000000 00:00 0 
7fb2c8000000-7fb2c8658000 rw-p 00000000 00:00 0 
7fb2c8658000-7fb2cc000000 ---p 00000000 00:00 0 
7fb2cc000000-7fb2cc2ac000 rw-p 00000000 00:00 0 
7fb2cc2ac000-7fb2d0000000 ---p 00000000 00:00 0 
7fb2d0000000-7fb2d0021000 rw-p 00000000 00:00 0 
7fb2d0021000-7fb2d4000000 ---p 00000000 00:00 0 
7fb2d4000000-7fb2d51ca000 rw-p 00000000 00:00 0 
7fb2d51ca000-7fb2d8000000 ---p 00000000 00:00 0 
7fb2d8000000-7fb2d8026000 rw-p 00000000 00:00 0 
7fb2d8026000-7fb2dc000000 ---p 00000000 00:00 0 
7fb2dc000000-7fb2dc032000 rw-p 00000000 00:00 0 
7fb2dc032000-7fb2e0000000 ---p 00000000 00:00 0 
7fb2e0000000-7fb2e0026000 rw-p 00000000 00:00 0 
7fb2e0026000-7fb2e4000000 ---p 00000000 00:00 0 
7fb2e4000000-7fb2e4406000 rw-p 00000000 00:00 0 
7fb2e4406000-7fb2e8000000 ---p 00000000 00:00 0 
7fb2e8000000-7fb2e8021000 rw-p 00000000 00:00 0 
7fb2e8021000-7fb2ec000000 ---p 00000000 00:00 0 
7fb2ec000000-7fb2ec023000 rw-p 00000000 00:00 0 
7fb2ec023000-7fb2f0000000 ---p 00000000 00:00 0 
7fb2f0000000-7fb2f0021000 rw-p 00000000 00:00 0 
7fb2f0021000-7fb2f4000000 ---p 00000000 00:00 0 
7fb2f4000000-7fb2f5bd8000 rw-p 00000000 00:00 0 
7fb2f5bd8000-7fb2f8000000 ---p 00000000 00:00 0 
7fb2f8000000-7fb2fa24e000 rw-p 00000000 00:00 0 
7fb2fa24e000-7fb2fc000000 ---p 00000000 00:00 0 
7fb2fc000000-7fb2fc021000 rw-p 00000000 00:00 0 
7fb2fc021000-7fb300000000 ---p 00000000 00:00 0 
7fb300000000-7fb300149000 rw-p 00000000 00:00 0 
7fb300149000-7fb304000000 ---p 00000000 00:00 0 
7fb304000000-7fb304021000 rw-p 00000000 00:00 0 
7fb304021000-7fb308000000 ---p 00000000 00:00 0 
7fb308000000-7fb30bf37000 rw-p 00000000 00:00 0 
7fb30bf37000-7fb30c000000 ---p 00000000 00:00 0 
7fb30c000000-7fb30d37a000 rw-p 00000000 00:00 0 
7fb30d37a000-7fb310000000 ---p 00000000 00:00 0 
7fb310000000-7fb310021000 rw-p 00000000 00:00 0 
7fb310021000-7fb314000000 ---p 00000000 00:00 0 
7fb314000000-7fb314021000 rw-p 00000000 00:00 0 
7fb314021000-7fb318000000 ---p 00000000 00:00 0 
7fb318000000-7fb318021000 rw-p 00000000 00:00 0 
7fb318021000-7fb31c000000 ---p 00000000 00:00 0 
7fb31c0fd000-7fb31c101000 ---p 00000000 00:00 0 
7fb31c101000-7fb31c1fd000 rw-p 00000000 00:00 0 
7fb31c1fd000-7fb31c1ff000 r-xp 00000000 fd:01 19554715                   /home/link/.vscode/extensions/redhat.java-1.2.0/jre/17.0.1-linux-x86_64/lib/libextnet.so
7fb31c1ff000-7fb31c3fe000 ---p 00002000 fd:01 19554715                   /home/link/.vscode/extensions/redhat.java-1.2.0/jre/17.0.1-linux-x86_64/lib/libextnet.so
7fb31c3fe000-7fb31c3ff000 r--p 00001000 fd:01 19554715                   /home/link/.vscode/extensions/redhat.java-1.2.0/jre/17.0.1-linux-x86_64/lib/libextnet.so
7fb31c3ff000-7fb31c400000 rw-p 00002000 fd:01 19554715                   /home/link/.vscode/extensions/redhat.java-1.2.0/jre/17.0.1-linux-x86_64/lib/libextnet.so
7fb31c400000-7fb31c600000 rw-p 00000000 00:00 0 
7fb31c600000-7fb31c6e0000 rw-p 00000000 00:00 0 
7fb31c6e0000-7fb31c700000 rw-p 00000000 00:00 0 
7fb31c700000-7fb31c900000 rw-p 00000000 00:00 0 
7fb31c900000-7fb31c980000 rw-p 00000000 00:00 0 
7fb31c980000-7fb31ca00000 rw-p 00000000 00:00 0 
7fb31ca00000-7fb31cc00000 rw-p 00000000 00:00 0 
7fb31cc00000-7fb31d300000 rw-p 00000000 00:00 0 
7fb31d300000-7fb31d400000 rw-p 00000000 00:00 0 
7fb31d400000-7fb31d404000 ---p 00000000 00:00 0 
7fb31d404000-7fb31d500000 rw-p 00000000 00:00 0 
7fb31d500000-7fb31d504000 ---p 00000000 00:00 0 
7fb31d504000-7fb31d600000 rw-p 00000000 00:00 0 
7fb31d600000-7fb31d604000 ---p 00000000 00:00 0 
7fb31d604000-7fb31d700000 rw-p 00000000 00:00 0 
7fb31d700000-7fb31d704000 ---p 00000000 00:00 0 
7fb31d704000-7fb31d900000 rw-p 00000000 00:00 0 
7fb31d900000-7fb31da00000 rw-p 00000000 00:00 0 
7fb31da00000-7fb31dd00000 rw-p 00000000 00:00 0 
7fb31dd00000-7fb31de00000 rw-p 00000000 00:00 0 
7fb31de00000-7fb31e000000 rw-p 00000000 00:00 0 
7fb31e000000-7fb31e100000 rw-p 00000000 00:00 0 
7fb31e100000-7fb31e200000 rw-p 00000000 00:00 0 
7fb31e200000-7fb31e800000 rw-p 00000000 00:00 0 
7fb31e8d0000-7fb31e8d4000 ---p 00000000 00:00 0 
7fb31e8d4000-7fb31e9d0000 rw-p 00000000 00:00 0 
7fb31e9d0000-7fb31e9d4000 ---p 00000000 00:00 0 
7fb31e9d4000-7fb31ead0000 rw-p 00000000 00:00 0 
7fb31ead0000-7fb32c000000 r--p 00000000 fd:01 204012636                  /usr/lib/locale/locale-archive
7fb32c000000-7fb32c021000 rw-p 00000000 00:00 0 
7fb32c021000-7fb330000000 ---p 00000000 00:00 0 
7fb330000000-7fb330021000 rw-p 00000000 00:00 0 
7fb330021000-7fb334000000 ---p 00000000 00:00 0 
7fb334000000-7fb334073000 rw-p 00000000 00:00 0 
7fb334073000-7fb338000000 ---p 00000000 00:00 0 
7fb3380e5000-7fb3380e9000 ---p 00000000 00:00 0 
7fb3380e9000-7fb3381e5000 rw-p 00000000 00:00 0 
7fb3381e5000-7fb3381e9000 ---p 00000000 00:00 0 
7fb3381e9000-7fb3382e5000 rw-p 00000000 00:00 0 
7fb3382e5000-7fb3382e9000 ---p 00000000 00:00 0 
7fb3382e9000-7fb3383e5000 rw-p 00000000 00:00 0 
7fb3383e5000-7fb3383e9000 ---p 00000000 00:00 0 
7fb3383e9000-7fb3384e5000 rw-p 00000000 00:00 0 
7fb3384e5000-7fb3384e9000 ---p 00000000 00:00 0 
7fb3384e9000-7fb3385e5000 rw-p 00000000 00:00 0 
7fb3385e5000-7fb3385e9000 ---p 00000000 00:00 0 
7fb3385e9000-7fb3386e5000 rw-p 00000000 00:00 0 
7fb3386e5000-7fb3386e9000 ---p 00000000 00:00 0 
7fb3386e9000-7fb3387e5000 rw-p 00000000 00:00 0 
7fb3387e5000-7fb3387e9000 ---p 00000000 00:00 0 
7fb3387e9000-7fb3388e5000 rw-p 00000000 00:00 0 
7fb3388e5000-7fb3388e6000 ---p 00000000 00:00 0 
7fb3388e6000-7fb3389e7000 rw-p 00000000 00:00 0 
7fb3389e7000-7fb3389eb000 ---p 00000000 00:00 0 
7fb3389eb000-7fb338ae7000 rw-p 00000000 00:00 0 
7fb338ae7000-7fb338aeb000 ---p 00000000 00:00 0 
7fb338aeb000-7fb338be7000 rw-p 00000000 00:00 0 
7fb338be7000-7fb338bf7000 r-xp 00000000 fd:01 76521299                   /home/link/.config/Code/User/globalStorage/redhat.java/1.2.0/config_linux/org.eclipse.equinox.launcher/org.eclipse.equinox.launcher.gtk.linux.x86_64_1.2.400.v20211117-0650/eclipse_11600.so
7fb338bf7000-7fb338df6000 ---p 00010000 fd:01 76521299                   /home/link/.config/Code/User/globalStorage/redhat.java/1.2.0/config_linux/org.eclipse.equinox.launcher/org.eclipse.equinox.launcher.gtk.linux.x86_64_1.2.400.v20211117-0650/eclipse_11600.so
7fb338df6000-7fb338df7000 r--p 0000f000 fd:01 76521299                   /home/link/.config/Code/User/globalStorage/redhat.java/1.2.0/config_linux/org.eclipse.equinox.launcher/org.eclipse.equinox.launcher.gtk.linux.x86_64_1.2.400.v20211117-0650/eclipse_11600.so
7fb338df7000-7fb338df8000 rw-p 00010000 fd:01 76521299                   /home/link/.config/Code/User/globalStorage/redhat.java/1.2.0/config_linux/org.eclipse.equinox.launcher/org.eclipse.equinox.launcher.gtk.linux.x86_64_1.2.400.v20211117-0650/eclipse_11600.so
7fb338df8000-7fb338dfc000 ---p 00000000 00:00 0 
7fb338dfc000-7fb338ef8000 rw-p 00000000 00:00 0 
7fb338ef8000-7fb338ef9000 ---p 00000000 00:00 0 
7fb338ef9000-7fb338ffa000 rw-p 00000000 00:00 0 
7fb338ffa000-7fb338ffe000 ---p 00000000 00:00 0 
7fb338ffe000-7fb3390fa000 rw-p 00000000 00:00 0 
7fb3390fa000-7fb3390fe000 ---p 00000000 00:00 0 
7fb3390fe000-7fb3391fa000 rw-p 00000000 00:00 0 
7fb3391fa000-7fb3391fe000 ---p 00000000 00:00 0 
7fb3391fe000-7fb3392fa000 rw-p 00000000 00:00 0 
7fb3392fa000-7fb3392fe000 ---p 00000000 00:00 0 
7fb3392fe000-7fb3393fa000 rw-p 00000000 00:00 0 
7fb3393fa000-7fb3393fe000 ---p 00000000 00:00 0 
7fb3393fe000-7fb3394fa000 rw-p 00000000 00:00 0 
7fb3394fa000-7fb3394fe000 ---p 00000000 00:00 0 
7fb3394fe000-7fb3395fa000 rw-p 00000000 00:00 0 
7fb3395fa000-7fb3395fe000 ---p 00000000 00:00 0 
7fb3395fe000-7fb3396fa000 rw-p 00000000 00:00 0 
7fb3396fa000-7fb3396fe000 ---p 00000000 00:00 0 
7fb3396fe000-7fb3397fa000 rw-p 00000000 00:00 0 
7fb3397fa000-7fb3397fe000 ---p 00000000 00:00 0 
7fb3397fe000-7fb3398fa000 rw-p 00000000 00:00 0 
7fb3398fa000-7fb3398fb000 ---p 00000000 00:00 0 
7fb3398fb000-7fb3399fc000 rw-p 00000000 00:00 0 
7fb3399fc000-7fb3399fd000 ---p 00000000 00:00 0 
7fb3399fd000-7fb339afe000 rw-p 00000000 00:00 0 
7fb339afe000-7fb339aff000 ---p 00000000 00:00 0 
7fb339aff000-7fb339d00000 rw-p 00000000 00:00 0 
7fb339d00000-7fb339e00000 rw-p 00000000 00:00 0 
7fb339e00000-7fb339f00000 rw-p 00000000 00:00 0 
7fb339f00000-7fb33a000000 rw-p 00000000 00:00 0 
7fb33a000000-7fb33a1e0000 rw-p 00000000 00:00 0 
7fb33a1e0000-7fb33a300000 rw-p 00000000 00:00 0 
7fb33a300000-7fb33a400000 rw-p 00000000 00:00 0 
7fb33a4bb000-7fb33a4bc000 ---p 00000000 00:00 0 
7fb33a4bc000-7fb33a5bd000 rw-p 00000000 00:00 0 
7fb33a5bd000-7fb33a5be000 ---p 00000000 00:00 0 
7fb33a5be000-7fb33a6bf000 rw-p 00000000 00:00 0 
7fb33a6bf000-7fb33a6c3000 ---p 00000000 00:00 0 
7fb33a6c3000-7fb33a7bf000 rw-p 00000000 00:00 0 
7fb33a7bf000-7fb33a7c0000 ---p 00000000 00:00 0 
7fb33a7c0000-7fb33a8c1000 rw-p 00000000 00:00 0 
7fb33a8c1000-7fb33a8c5000 ---p 00000000 00:00 0 
7fb33a8c5000-7fb33a9c1000 rw-p 00000000 00:00 0 
7fb33a9c1000-7fb33a9ce000 r-xp 00000000 fd:01 19662152                   /home/link/.vscode/extensions/redhat.java-1.2.0/jre/17.0.1-linux-x86_64/lib/libverify.so
7fb33a9ce000-7fb33abcd000 ---p 0000d000 fd:01 19662152                   /home/link/.vscode/extensions/redhat.java-1.2.0/jre/17.0.1-linux-x86_64/lib/libverify.so
7fb33abcd000-7fb33abcf000 r--p 0000c000 fd:01 19662152                   /home/link/.vscode/extensions/redhat.java-1.2.0/jre/17.0.1-linux-x86_64/lib/libverify.so
7fb33abcf000-7fb33abd0000 rw-p 0000e000 fd:01 19662152                   /home/link/.vscode/extensions/redhat.java-1.2.0/jre/17.0.1-linux-x86_64/lib/libverify.so
7fb33abd0000-7fb33abe5000 r-xp 00000000 fd:01 19662102                   /home/link/.vscode/extensions/redhat.java-1.2.0/jre/17.0.1-linux-x86_64/lib/libnet.so
7fb33abe5000-7fb33ade4000 ---p 00015000 fd:01 19662102                   /home/link/.vscode/extensions/redhat.java-1.2.0/jre/17.0.1-linux-x86_64/lib/libnet.so
7fb33ade4000-7fb33ade5000 r--p 00014000 fd:01 19662102                   /home/link/.vscode/extensions/redhat.java-1.2.0/jre/17.0.1-linux-x86_64/lib/libnet.so
7fb33ade5000-7fb33ade6000 rw-p 00015000 fd:01 19662102                   /home/link/.vscode/extensions/redhat.java-1.2.0/jre/17.0.1-linux-x86_64/lib/libnet.so
7fb33ade6000-7fb33adf8000 r-xp 00000000 fd:01 19662112                   /home/link/.vscode/extensions/redhat.java-1.2.0/jre/17.0.1-linux-x86_64/lib/libnio.so
7fb33adf8000-7fb33aff7000 ---p 00012000 fd:01 19662112                   /home/link/.vscode/extensions/redhat.java-1.2.0/jre/17.0.1-linux-x86_64/lib/libnio.so
7fb33aff7000-7fb33aff8000 r--p 00011000 fd:01 19662112                   /home/link/.vscode/extensions/redhat.java-1.2.0/jre/17.0.1-linux-x86_64/lib/libnio.so
7fb33aff8000-7fb33aff9000 rw-p 00012000 fd:01 19662112                   /home/link/.vscode/extensions/redhat.java-1.2.0/jre/17.0.1-linux-x86_64/lib/libnio.so
7fb33aff9000-7fb33affd000 ---p 00000000 00:00 0 
7fb33affd000-7fb33b0f9000 rw-p 00000000 00:00 0 
7fb33b0f9000-7fb33b0fd000 ---p 00000000 00:00 0 
7fb33b0fd000-7fb33b1f9000 rw-p 00000000 00:00 0 
7fb33b1f9000-7fb33b1fd000 ---p 00000000 00:00 0 
7fb33b1fd000-7fb33b2f9000 rw-p 00000000 00:00 0 
7fb33b2f9000-7fb33b2fd000 ---p 00000000 00:00 0 
7fb33b2fd000-7fb33b3f9000 rw-p 00000000 00:00 0 
7fb33b3f9000-7fb33b3fd000 ---p 00000000 00:00 0 
7fb33b3fd000-7fb33b4f9000 rw-p 00000000 00:00 0 
7fb33b4f9000-7fb33b4fd000 ---p 00000000 00:00 0 
7fb33b4fd000-7fb33b5f9000 rw-p 00000000 00:00 0 
7fb33b5f9000-7fb33b5fd000 ---p 00000000 00:00 0 
7fb33b5fd000-7fb33b6f9000 rw-p 00000000 00:00 0 
7fb33b6f9000-7fb33b6fd000 ---p 00000000 00:00 0 
7fb33b6fd000-7fb33b7f9000 rw-p 00000000 00:00 0 
7fb33b7f9000-7fb33b7fd000 ---p 00000000 00:00 0 
7fb33b7fd000-7fb33b8f9000 rw-p 00000000 00:00 0 
7fb33b8f9000-7fb33b8fd000 ---p 00000000 00:00 0 
7fb33b8fd000-7fb33b9f9000 rw-p 00000000 00:00 0 
7fb33b9f9000-7fb33b9fa000 ---p 00000000 00:00 0 
7fb33b9fa000-7fb33c000000 rw-p 00000000 00:00 0 
7fb33c000000-7fb33c024000 rw-p 00000000 00:00 0 
7fb33c024000-7fb340000000 ---p 00000000 00:00 0 
7fb3400c0000-7fb3400c4000 ---p 00000000 00:00 0 
7fb3400c4000-7fb3415f7000 rw-p 00000000 00:00 0 
7fb3415f7000-7fb3415fe000 r-xp 00000000 fd:01 19662159                   /home/link/.vscode/extensions/redhat.java-1.2.0/jre/17.0.1-linux-x86_64/lib/libzip.so
7fb3415fe000-7fb3417fe000 ---p 00007000 fd:01 19662159                   /home/link/.vscode/extensions/redhat.java-1.2.0/jre/17.0.1-linux-x86_64/lib/libzip.so
7fb3417fe000-7fb3417ff000 r--p 00007000 fd:01 19662159                   /home/link/.vscode/extensions/redhat.java-1.2.0/jre/17.0.1-linux-x86_64/lib/libzip.so
7fb3417ff000-7fb341800000 rw-p 00008000 fd:01 19662159                   /home/link/.vscode/extensions/redhat.java-1.2.0/jre/17.0.1-linux-x86_64/lib/libzip.so
7fb341800000-7fb341c00000 rw-p 00000000 00:00 0 
7fb341c00000-7fb341c80000 rw-p 00000000 00:00 0 
7fb341c80000-7fb341d00000 rw-p 00000000 00:00 0 
7fb341d00000-7fb342000000 rw-p 00000000 00:00 0 
7fb342009000-7fb34200c000 r--p 00000000 fd:01 134937235                  /usr/lib64/libnss_resolve.so.2
7fb34200c000-7fb342025000 r-xp 00003000 fd:01 134937235                  /usr/lib64/libnss_resolve.so.2
7fb342025000-7fb34202d000 r--p 0001c000 fd:01 134937235                  /usr/lib64/libnss_resolve.so.2
7fb34202d000-7fb34202e000 ---p 00024000 fd:01 134937235                  /usr/lib64/libnss_resolve.so.2
7fb34202e000-7fb34202f000 r--p 00024000 fd:01 134937235                  /usr/lib64/libnss_resolve.so.2
7fb34202f000-7fb342030000 rw-p 00025000 fd:01 134937235                  /usr/lib64/libnss_resolve.so.2
7fb342030000-7fb342034000 r--p 00000000 fd:01 134932812                  /usr/lib64/libresolv.so.2
7fb342034000-7fb34203d000 r-xp 00004000 fd:01 134932812                  /usr/lib64/libresolv.so.2
7fb34203d000-7fb34203f000 r--p 0000d000 fd:01 134932812                  /usr/lib64/libresolv.so.2
7fb34203f000-7fb342040000 ---p 0000f000 fd:01 134932812                  /usr/lib64/libresolv.so.2
7fb342040000-7fb342041000 r--p 0000f000 fd:01 134932812                  /usr/lib64/libresolv.so.2
7fb342041000-7fb342042000 rw-p 00010000 fd:01 134932812                  /usr/lib64/libresolv.so.2
7fb342042000-7fb342044000 rw-p 00000000 00:00 0 
7fb342044000-7fb342047000 r--p 00000000 fd:01 137938669                  /usr/lib64/libgcc_s-11-20211203.so.1
7fb342047000-7fb342059000 r-xp 00003000 fd:01 137938669                  /usr/lib64/libgcc_s-11-20211203.so.1
7fb342059000-7fb34205c000 r--p 00015000 fd:01 137938669                  /usr/lib64/libgcc_s-11-20211203.so.1
7fb34205c000-7fb34205d000 ---p 00018000 fd:01 137938669                  /usr/lib64/libgcc_s-11-20211203.so.1
7fb34205d000-7fb34205e000 r--p 00018000 fd:01 137938669                  /usr/lib64/libgcc_s-11-20211203.so.1
7fb34205e000-7fb34205f000 rw-p 00019000 fd:01 137938669                  /usr/lib64/libgcc_s-11-20211203.so.1
7fb34205f000-7fb342063000 r--p 00000000 fd:01 134936854                  /usr/lib64/libnss_myhostname.so.2
7fb342063000-7fb342072000 r-xp 00004000 fd:01 134936854                  /usr/lib64/libnss_myhostname.so.2
7fb342072000-7fb34207c000 r--p 00013000 fd:01 134936854                  /usr/lib64/libnss_myhostname.so.2
7fb34207c000-7fb342080000 r--p 0001c000 fd:01 134936854                  /usr/lib64/libnss_myhostname.so.2
7fb342080000-7fb342081000 rw-p 00020000 fd:01 134936854                  /usr/lib64/libnss_myhostname.so.2
7fb342081000-7fb342403000 rw-p 00000000 00:00 0 
7fb342403000-7fb342673000 rwxp 00000000 00:00 0 
7fb342673000-7fb342995000 ---p 00000000 00:00 0 
7fb342995000-7fb344595000 rwxp 00000000 00:00 0 
7fb344595000-7fb349ecc000 ---p 00000000 00:00 0 
7fb349ecc000-7fb34aa4c000 rwxp 00000000 00:00 0 
7fb34aa4c000-7fb351403000 ---p 00000000 00:00 0 
7fb351403000-7fb354000000 r--s 00000000 fd:01 19662162                   /home/link/.vscode/extensions/redhat.java-1.2.0/jre/17.0.1-linux-x86_64/lib/modules
7fb354000000-7fb3548e2000 rw-p 00000000 00:00 0 
7fb3548e2000-7fb358000000 ---p 00000000 00:00 0 
7fb358007000-7fb358008000 r--p 00000000 fd:01 134939062                  /usr/lib64/libnss_mdns4_minimal.so.2
7fb358008000-7fb35800a000 r-xp 00001000 fd:01 134939062                  /usr/lib64/libnss_mdns4_minimal.so.2
7fb35800a000-7fb35800b000 r--p 00003000 fd:01 134939062                  /usr/lib64/libnss_mdns4_minimal.so.2
7fb35800b000-7fb35800c000 r--p 00003000 fd:01 134939062                  /usr/lib64/libnss_mdns4_minimal.so.2
7fb35800c000-7fb35800d000 rw-p 00000000 00:00 0 
7fb358027000-7fb35802b000 ---p 00000000 00:00 0 
7fb35802b000-7fb358049000 rw-p 00000000 00:00 0 
7fb358049000-7fb358050000 r--s 00000000 fd:01 75693                      /usr/lib64/gconv/gconv-modules.cache
7fb358050000-7fb358071000 r--p 00000000 fd:01 68519119                   /usr/share/locale/es/LC_MESSAGES/libc.mo
7fb358071000-7fb35a1b7000 rw-p 00000000 00:00 0 
7fb35a1b7000-7fb35a277000 ---p 00000000 00:00 0 
7fb35a277000-7fb35a278000 ---p 00000000 00:00 0 
7fb35a278000-7fb35a40f000 rw-p 00000000 00:00 0 
7fb35a40f000-7fb35a4ce000 ---p 00000000 00:00 0 
7fb35a4ce000-7fb35a4d2000 rw-p 00000000 00:00 0 
7fb35a4d2000-7fb35a579000 ---p 00000000 00:00 0 
7fb35a579000-7fb35a591000 rw-p 00000000 00:00 0 
7fb35a591000-7fb35a665000 ---p 00000000 00:00 0 
7fb35a665000-7fb35a69d000 rw-p 00000000 00:00 0 
7fb35a69d000-7fb35a750000 ---p 00000000 00:00 0 
7fb35a750000-7fb35a774000 r-xp 00000000 fd:01 19554857                   /home/link/.vscode/extensions/redhat.java-1.2.0/jre/17.0.1-linux-x86_64/lib/libjava.so
7fb35a774000-7fb35a974000 ---p 00024000 fd:01 19554857                   /home/link/.vscode/extensions/redhat.java-1.2.0/jre/17.0.1-linux-x86_64/lib/libjava.so
7fb35a974000-7fb35a975000 r--p 00024000 fd:01 19554857                   /home/link/.vscode/extensions/redhat.java-1.2.0/jre/17.0.1-linux-x86_64/lib/libjava.so
7fb35a975000-7fb35a976000 rw-p 00025000 fd:01 19554857                   /home/link/.vscode/extensions/redhat.java-1.2.0/jre/17.0.1-linux-x86_64/lib/libjava.so
7fb35a976000-7fb35a977000 rw-p 00000000 00:00 0 
7fb35a977000-7fb35a981000 r-xp 00000000 fd:01 19554821                   /home/link/.vscode/extensions/redhat.java-1.2.0/jre/17.0.1-linux-x86_64/lib/libinstrument.so
7fb35a981000-7fb35ab80000 ---p 0000a000 fd:01 19554821                   /home/link/.vscode/extensions/redhat.java-1.2.0/jre/17.0.1-linux-x86_64/lib/libinstrument.so
7fb35ab80000-7fb35ab81000 r--p 00009000 fd:01 19554821                   /home/link/.vscode/extensions/redhat.java-1.2.0/jre/17.0.1-linux-x86_64/lib/libinstrument.so
7fb35ab81000-7fb35ab82000 rw-p 0000a000 fd:01 19554821                   /home/link/.vscode/extensions/redhat.java-1.2.0/jre/17.0.1-linux-x86_64/lib/libinstrument.so
7fb35ab82000-7fb35ab9d000 r-xp 00000000 fd:01 19490532                   /home/link/.vscode/extensions/redhat.java-1.2.0/jre/17.0.1-linux-x86_64/lib/libjimage.so
7fb35ab9d000-7fb35ad9c000 ---p 0001b000 fd:01 19490532                   /home/link/.vscode/extensions/redhat.java-1.2.0/jre/17.0.1-linux-x86_64/lib/libjimage.so
7fb35ad9c000-7fb35ad9e000 r--p 0001a000 fd:01 19490532                   /home/link/.vscode/extensions/redhat.java-1.2.0/jre/17.0.1-linux-x86_64/lib/libjimage.so
7fb35ad9e000-7fb35ad9f000 rw-p 0001c000 fd:01 19490532                   /home/link/.vscode/extensions/redhat.java-1.2.0/jre/17.0.1-linux-x86_64/lib/libjimage.so
7fb35ad9f000-7fb35ada3000 ---p 00000000 00:00 0 
7fb35ada3000-7fb35ae9f000 rw-p 00000000 00:00 0 
7fb35ae9f000-7fb35aeae000 r--p 00000000 fd:01 134932804                  /usr/lib64/libm.so.6
7fb35aeae000-7fb35af1f000 r-xp 0000f000 fd:01 134932804                  /usr/lib64/libm.so.6
7fb35af1f000-7fb35af79000 r--p 00080000 fd:01 134932804                  /usr/lib64/libm.so.6
7fb35af79000-7fb35af7a000 r--p 000d9000 fd:01 134932804                  /usr/lib64/libm.so.6
7fb35af7a000-7fb35af7b000 rw-p 000da000 fd:01 134932804                  /usr/lib64/libm.so.6
7fb35af7b000-7fb35af7c000 r--p 00000000 fd:01 134932813                  /usr/lib64/librt.so.1
7fb35af7c000-7fb35af7d000 r-xp 00001000 fd:01 134932813                  /usr/lib64/librt.so.1
7fb35af7d000-7fb35af7e000 r--p 00002000 fd:01 134932813                  /usr/lib64/librt.so.1
7fb35af7e000-7fb35af7f000 r--p 00002000 fd:01 134932813                  /usr/lib64/librt.so.1
7fb35af7f000-7fb35af80000 rw-p 00000000 00:00 0 
7fb35af80000-7fb35c25f000 r-xp 00000000 fd:01 19738621                   /home/link/.vscode/extensions/redhat.java-1.2.0/jre/17.0.1-linux-x86_64/lib/server/libjvm.so
7fb35c25f000-7fb35c45e000 ---p 012df000 fd:01 19738621                   /home/link/.vscode/extensions/redhat.java-1.2.0/jre/17.0.1-linux-x86_64/lib/server/libjvm.so
7fb35c45e000-7fb35c517000 r--p 012de000 fd:01 19738621                   /home/link/.vscode/extensions/redhat.java-1.2.0/jre/17.0.1-linux-x86_64/lib/server/libjvm.so
7fb35c517000-7fb35c54b000 rw-p 01397000 fd:01 19738621                   /home/link/.vscode/extensions/redhat.java-1.2.0/jre/17.0.1-linux-x86_64/lib/server/libjvm.so
7fb35c54b000-7fb35c5a7000 rw-p 00000000 00:00 0 
7fb35c5a7000-7fb35c5d3000 r--p 00000000 fd:01 134932801                  /usr/lib64/libc.so.6
7fb35c5d3000-7fb35c749000 r-xp 0002c000 fd:01 134932801                  /usr/lib64/libc.so.6
7fb35c749000-7fb35c79d000 r--p 001a2000 fd:01 134932801                  /usr/lib64/libc.so.6
7fb35c79d000-7fb35c79e000 ---p 001f6000 fd:01 134932801                  /usr/lib64/libc.so.6
7fb35c79e000-7fb35c7a1000 r--p 001f6000 fd:01 134932801                  /usr/lib64/libc.so.6
7fb35c7a1000-7fb35c7a4000 rw-p 001f9000 fd:01 134932801                  /usr/lib64/libc.so.6
7fb35c7a4000-7fb35c7b1000 rw-p 00000000 00:00 0 
7fb35c7b1000-7fb35c7b2000 r--p 00000000 fd:01 134932803                  /usr/lib64/libdl.so.2
7fb35c7b2000-7fb35c7b3000 r-xp 00001000 fd:01 134932803                  /usr/lib64/libdl.so.2
7fb35c7b3000-7fb35c7b4000 r--p 00002000 fd:01 134932803                  /usr/lib64/libdl.so.2
7fb35c7b4000-7fb35c7b5000 r--p 00002000 fd:01 134932803                  /usr/lib64/libdl.so.2
7fb35c7b5000-7fb35c7b6000 rw-p 00000000 00:00 0 
7fb35c7b6000-7fb35c7b7000 r--p 00000000 fd:01 134932811                  /usr/lib64/libpthread.so.0
7fb35c7b7000-7fb35c7b8000 r-xp 00001000 fd:01 134932811                  /usr/lib64/libpthread.so.0
7fb35c7b8000-7fb35c7b9000 r--p 00002000 fd:01 134932811                  /usr/lib64/libpthread.so.0
7fb35c7b9000-7fb35c7ba000 r--p 00002000 fd:01 134932811                  /usr/lib64/libpthread.so.0
7fb35c7ba000-7fb35c7bb000 rw-p 00000000 00:00 0 
7fb35c7bb000-7fb35c7ca000 r-xp 00000000 fd:01 19490540                   /home/link/.vscode/extensions/redhat.java-1.2.0/jre/17.0.1-linux-x86_64/lib/libjli.so
7fb35c7ca000-7fb35c9ca000 ---p 0000f000 fd:01 19490540                   /home/link/.vscode/extensions/redhat.java-1.2.0/jre/17.0.1-linux-x86_64/lib/libjli.so
7fb35c9ca000-7fb35c9cb000 r--p 0000f000 fd:01 19490540                   /home/link/.vscode/extensions/redhat.java-1.2.0/jre/17.0.1-linux-x86_64/lib/libjli.so
7fb35c9cb000-7fb35c9cc000 rw-p 00010000 fd:01 19490540                   /home/link/.vscode/extensions/redhat.java-1.2.0/jre/17.0.1-linux-x86_64/lib/libjli.so
7fb35c9cc000-7fb35c9cf000 r--p 00000000 fd:01 134992380                  /usr/lib64/libz.so.1.2.11
7fb35c9cf000-7fb35c9dd000 r-xp 00003000 fd:01 134992380                  /usr/lib64/libz.so.1.2.11
7fb35c9dd000-7fb35c9e3000 r--p 00011000 fd:01 134992380                  /usr/lib64/libz.so.1.2.11
7fb35c9e3000-7fb35c9e4000 ---p 00017000 fd:01 134992380                  /usr/lib64/libz.so.1.2.11
7fb35c9e4000-7fb35c9e5000 r--p 00017000 fd:01 134992380                  /usr/lib64/libz.so.1.2.11
7fb35c9e5000-7fb35c9e6000 rw-p 00000000 00:00 0 
7fb35c9e9000-7fb35c9ee000 rw-p 00000000 00:00 0 
7fb35c9ee000-7fb35c9f5000 ---p 00000000 00:00 0 
7fb35c9f5000-7fb35c9fd000 rw-s 00000000 00:26 546                        /tmp/hsperfdata_link/20046
7fb35c9fd000-7fb35c9fe000 ---p 00000000 00:00 0 
7fb35c9fe000-7fb35c9ff000 r--p 00000000 00:00 0 
7fb35c9ff000-7fb35ca00000 ---p 00000000 00:00 0 
7fb35ca00000-7fb35ca02000 rw-p 00000000 00:00 0 
7fb35ca02000-7fb35ca03000 r--p 00000000 fd:01 134932733                  /usr/lib64/ld-linux-x86-64.so.2
7fb35ca03000-7fb35ca29000 r-xp 00001000 fd:01 134932733                  /usr/lib64/ld-linux-x86-64.so.2
7fb35ca29000-7fb35ca33000 r--p 00027000 fd:01 134932733                  /usr/lib64/ld-linux-x86-64.so.2
7fb35ca33000-7fb35ca35000 r--p 00030000 fd:01 134932733                  /usr/lib64/ld-linux-x86-64.so.2
7fb35ca35000-7fb35ca37000 rw-p 00032000 fd:01 134932733                  /usr/lib64/ld-linux-x86-64.so.2
7ffd520e5000-7ffd52107000 rw-p 00000000 00:00 0                          [stack]
7ffd521b1000-7ffd521b5000 r--p 00000000 00:00 0                          [vvar]
7ffd521b5000-7ffd521b7000 r-xp 00000000 00:00 0                          [vdso]
ffffffffff600000-ffffffffff601000 r-xp 00000000 00:00 0                  [vsyscall]


VM Arguments:
jvm_args: --add-modules=ALL-SYSTEM --add-opens=java.base/java.util=ALL-UNNAMED --add-opens=java.base/java.lang=ALL-UNNAMED -Declipse.application=org.eclipse.jdt.ls.core.id1 -Dosgi.bundles.defaultStartLevel=4 -Declipse.product=org.eclipse.jdt.ls.core.product -Djava.import.generatesMetadataFilesAtProjectRoot=false -Dfile.encoding=utf8 -XX:+UseParallelGC -XX:GCTimeRatio=4 -XX:AdaptiveSizePolicyWeight=90 -Dsun.zip.disableMemoryMapping=true -Xmx1G -Xms100m -javaagent:/home/link/.vscode/extensions/gabrielbb.vscode-lombok-1.0.1/server/lombok.jar -XX:+HeapDumpOnOutOfMemoryError -XX:HeapDumpPath=/home/link/.config/Code/User/workspaceStorage/1e90caa47a174ff2c7b9447c0431fa74/redhat.java 
java_command: /home/link/.vscode/extensions/redhat.java-1.2.0/server/plugins/org.eclipse.equinox.launcher_1.6.400.v20210924-0641.jar -configuration /home/link/.config/Code/User/globalStorage/redhat.java/1.2.0/config_linux -data /home/link/.config/Code/User/workspaceStorage/1e90caa47a174ff2c7b9447c0431fa74/redhat.java/jdt_ws
java_class_path (initial): /home/link/.vscode/extensions/redhat.java-1.2.0/server/plugins/org.eclipse.equinox.launcher_1.6.400.v20210924-0641.jar
Launcher Type: SUN_STANDARD

[Global flags]
    uintx AdaptiveSizePolicyWeight                 = 90                                        {product} {command line}
     intx CICompilerCount                          = 4                                         {product} {ergonomic}
    uintx GCTimeRatio                              = 4                                         {product} {command line}
     bool HeapDumpOnOutOfMemoryError               = true                                   {manageable} {command line}
    ccstr HeapDumpPath                             = /home/link/.config/Code/User/workspaceStorage/1e90caa47a174ff2c7b9447c0431fa74/redhat.java         {manageable} {command line}
   size_t InitialHeapSize                          = 104857600                                 {product} {command line}
   size_t MaxHeapSize                              = 1073741824                                {product} {command line}
   size_t MaxNewSize                               = 357564416                                 {product} {ergonomic}
   size_t MinHeapDeltaBytes                        = 524288                                    {product} {ergonomic}
   size_t MinHeapSize                              = 104857600                                 {product} {command line}
   size_t NewSize                                  = 34603008                                  {product} {ergonomic}
    uintx NonNMethodCodeHeapSize                   = 5839372                                {pd product} {ergonomic}
    uintx NonProfiledCodeHeapSize                  = 122909434                              {pd product} {ergonomic}
   size_t OldSize                                  = 70254592                                  {product} {ergonomic}
    uintx ProfiledCodeHeapSize                     = 122909434                              {pd product} {ergonomic}
    uintx ReservedCodeCacheSize                    = 251658240                              {pd product} {ergonomic}
     bool SegmentedCodeCache                       = true                                      {product} {ergonomic}
   size_t SoftMaxHeapSize                          = 1073741824                             {manageable} {ergonomic}
     bool UseCompressedClassPointers               = true                           {product lp64_product} {ergonomic}
     bool UseCompressedOops                        = true                           {product lp64_product} {ergonomic}
     bool UseParallelGC                            = true                                      {product} {command line}

Logging:
Log output configuration:
 #0: stdout all=warning uptime,level,tags
 #1: stderr all=off uptime,level,tags

Environment Variables:
PATH=/usr/lib64/ccache:/usr/local/bin:/usr/local/sbin:/usr/bin:/usr/sbin:/home/link/bin:/home/link/.composer/vendor/bin:/home/link/bin
USERNAME=link
SHELL=/usr/bin/zsh
DISPLAY=:1
LANG=es_ES.UTF-8

Signal Handlers:
   SIGSEGV: crash_handler in libjvm.so, mask=11100100010111111101111111111110, flags=SA_RESTART|SA_SIGINFO
    SIGBUS: crash_handler in libjvm.so, mask=11100100010111111101111111111110, flags=SA_RESTART|SA_SIGINFO
    SIGFPE: crash_handler in libjvm.so, mask=11100100010111111101111111111110, flags=SA_RESTART|SA_SIGINFO
   SIGPIPE: javaSignalHandler in libjvm.so, mask=11100100010111111101111111111110, flags=SA_RESTART|SA_SIGINFO
   SIGXFSZ: javaSignalHandler in libjvm.so, mask=11100100010111111101111111111110, flags=SA_RESTART|SA_SIGINFO
    SIGILL: crash_handler in libjvm.so, mask=11100100010111111101111111111110, flags=SA_RESTART|SA_SIGINFO
   SIGUSR2: SR_handler in libjvm.so, mask=00000000000000000000000000000000, flags=SA_RESTART|SA_SIGINFO
    SIGHUP: UserHandler in libjvm.so, mask=11100100010111111101111111111110, flags=SA_RESTART|SA_SIGINFO
    SIGINT: UserHandler in libjvm.so, mask=11100100010111111101111111111110, flags=SA_RESTART|SA_SIGINFO
   SIGTERM: UserHandler in libjvm.so, mask=11100100010111111101111111111110, flags=SA_RESTART|SA_SIGINFO
   SIGQUIT: UserHandler in libjvm.so, mask=11100100010111111101111111111110, flags=SA_RESTART|SA_SIGINFO
   SIGTRAP: crash_handler in libjvm.so, mask=11100100010111111101111111111110, flags=SA_RESTART|SA_SIGINFO


---------------  S Y S T E M  ---------------

OS:
Fedora release 35 (Thirty Five)
uname: Linux 5.15.12-200.fc35.x86_64 #1 SMP Wed Dec 29 15:03:38 UTC 2021 x86_64
OS uptime: 0 days 18:37 hours
libc: glibc 2.34 NPTL 2.34 
rlimit (soft/hard): STACK 8192k/infinity , CORE infinity/infinity , NPROC 62076/62076 , NOFILE 1048576/1048576 , AS infinity/infinity , CPU infinity/infinity , DATA infinity/infinity , FSIZE infinity/infinity , MEMLOCK 64k/64k
load average: 1,14 1,66 1,84

/proc/meminfo:
MemTotal:       15936928 kB
MemFree:        11714756 kB
MemAvailable:   12056288 kB
Buffers:              20 kB
Cached:          1109192 kB
SwapCached:        47068 kB
Active:           441708 kB
Inactive:        1751092 kB
Active(anon):     197492 kB
Inactive(anon):  1388196 kB
Active(file):     244216 kB
Inactive(file):   362896 kB
Unevictable:       50944 kB
Mlocked:            5756 kB
SwapTotal:      25153528 kB
SwapFree:       21847472 kB
Dirty:               460 kB
Writeback:             0 kB
AnonPages:       1070912 kB
Mapped:           306260 kB
Shmem:            496896 kB
KReclaimable:      98856 kB
Slab:             278868 kB
SReclaimable:      98856 kB
SUnreclaim:       180012 kB
KernelStack:       18228 kB
PageTables:        44596 kB
NFS_Unstable:          0 kB
Bounce:                0 kB
WritebackTmp:          0 kB
CommitLimit:    33121992 kB
Committed_AS:   10912780 kB
VmallocTotal:   34359738367 kB
VmallocUsed:       86532 kB
VmallocChunk:          0 kB
Percpu:            10976 kB
HardwareCorrupted:     0 kB
AnonHugePages:         0 kB
ShmemHugePages:        0 kB
ShmemPmdMapped:        0 kB
FileHugePages:         0 kB
FilePmdMapped:         0 kB
CmaTotal:              0 kB
CmaFree:               0 kB
HugePages_Total:       0
HugePages_Free:        0
HugePages_Rsvd:        0
HugePages_Surp:        0
Hugepagesize:       2048 kB
Hugetlb:               0 kB
DirectMap4k:      625768 kB
DirectMap2M:    15710208 kB
DirectMap1G:     1048576 kB

/sys/kernel/mm/transparent_hugepage/enabled: always [madvise] never
/sys/kernel/mm/transparent_hugepage/defrag (defrag/compaction efforts parameter): always defer defer+madvise [madvise] never

Process Memory:
Virtual Size: 6951832K (peak: 7009040K)
Resident Set Size: 84200K (peak: 935136K) (anon: 73456K, file: 10728K, shmem: 16K)
Swapped out: 691544K
C-Heap outstanding allocations: 65790K

/proc/sys/kernel/threads-max (system-wide limit on the number of threads): 124153
/proc/sys/vm/max_map_count (maximum number of memory map areas a process may have): 65530
/proc/sys/kernel/pid_max (system-wide limit on number of process identifiers): 4194304

container (cgroup) information:
container_type: cgroupv2
cpu_cpuset_cpus: not supported
cpu_memory_nodes: not supported
active_processor_count: 8
cpu_quota: no quota
cpu_period: 100000
cpu_shares: no shares
memory_limit_in_bytes: unlimited
memory_and_swap_limit_in_bytes: unlimited
memory_soft_limit_in_bytes: unlimited
memory_usage_in_bytes: 703041536
memory_max_usage_in_bytes: not supported

Steal ticks since vm start: 0
Steal ticks percentage since vm start:  0,000

CPU: total 8 (initial active 8) (4 cores per cpu, 2 threads per core) family 6 model 126 stepping 5 microcode 0xa6, cx8, cmov, fxsr, ht, mmx, 3dnowpref, sse, sse2, sse3, ssse3, sse4.1, sse4.2, popcnt, lzcnt, tsc, tscinvbit, avx, avx2, aes, erms, clmul, bmi1, bmi2, adx, avx512f, avx512dq, avx512cd, avx512bw, avx512vl, sha, fma, vzeroupper, avx512_vpopcntdq, avx512_vpclmulqdq, avx512_vaes, avx512_vnni, clflush, clflushopt, avx512_vbmi2, avx512_vbmi
CPU Model and flags from /proc/cpuinfo:
model name	: Intel(R) Core(TM) i5-1035G1 CPU @ 1.00GHz
flags		: fpu vme de pse tsc msr pae mce cx8 apic sep mtrr pge mca cmov pat pse36 clflush dts acpi mmx fxsr sse sse2 ss ht tm pbe syscall nx pdpe1gb rdtscp lm constant_tsc art arch_perfmon pebs bts rep_good nopl xtopology nonstop_tsc cpuid aperfmperf tsc_known_freq pni pclmulqdq dtes64 monitor ds_cpl vmx est tm2 ssse3 sdbg fma cx16 xtpr pdcm pcid sse4_1 sse4_2 x2apic movbe popcnt tsc_deadline_timer aes xsave avx f16c rdrand lahf_lm abm 3dnowprefetch cpuid_fault epb invpcid_single ssbd ibrs ibpb stibp ibrs_enhanced tpr_shadow vnmi flexpriority ept vpid ept_ad fsgsbase tsc_adjust sgx bmi1 avx2 smep bmi2 erms invpcid avx512f avx512dq rdseed adx smap avx512ifma clflushopt intel_pt avx512cd sha_ni avx512bw avx512vl xsaveopt xsavec xgetbv1 xsaves split_lock_detect dtherm ida arat pln pts hwp hwp_notify hwp_act_window hwp_epp hwp_pkg_req avx512vbmi umip pku ospke avx512_vbmi2 gfni vaes vpclmulqdq avx512_vnni avx512_bitalg avx512_vpopcntdq rdpid sgx_lc fsrm md_clear flush_l1d arch_capabilities

Online cpus: 0-7
Offline cpus: 
BIOS frequency limitation: <Not Available>
Frequency switch latency (ns): 0
Available cpu frequencies: <Not Available>
Current governor: powersave
Core performance/turbo boost: <Not Available>

Memory: 4k page, physical 15936928k(11838892k free), swap 25153528k(21945328k free)
Page Sizes: 4k

vm_info: OpenJDK 64-Bit Server VM (17.0.1+12) for linux-amd64 JRE (17.0.1+12), built on Oct 20 2021 12:00:24 by "" with gcc 7.5.0

END.
